This file contains any messages produced by compilers while
running configure, to aid debugging if configure makes a mistake.

It was created by SDL2_ttf configure 2.20.1, which was
generated by GNU Autoconf 2.71.  Invocation command line was

  $ ./configure --prefix=/home/zaping/Documents/projet/sdlon

## --------- ##
## Platform. ##
## --------- ##

hostname = kir
uname -m = x86_64
uname -r = 5.15.0-58-generic
uname -s = Linux
uname -v = #64-Ubuntu SMP Thu Jan 5 11:43:13 UTC 2023

/usr/bin/uname -p = x86_64
/bin/uname -X     = unknown

/bin/arch              = x86_64
/usr/bin/arch -k       = unknown
/usr/convex/getsysinfo = unknown
/usr/bin/hostinfo      = unknown
/bin/machine           = unknown
/usr/bin/oslevel       = unknown
/bin/universe          = unknown

PATH: /home/zaping/Documents/projet/sdlon/bin/
PATH: /usr/local/sbin/
PATH: /usr/local/bin/
PATH: /usr/sbin/
PATH: /usr/bin/
PATH: /sbin/
PATH: /bin/
PATH: /usr/games/
PATH: /usr/local/games/
PATH: /snap/bin/


## ----------- ##
## Core tests. ##
## ----------- ##

configure:3205: looking for aux files: missing install-sh compile config.guess config.sub ltmain.sh
configure:3218:  trying ./
configure:3247:   ./missing found
configure:3229:   ./install-sh found
configure:3247:   ./compile found
configure:3247:   ./config.guess found
configure:3247:   ./config.sub found
configure:3247:   ./ltmain.sh found
configure:3411: checking build system type
configure:3426: result: x86_64-pc-linux-gnu
configure:3446: checking host system type
configure:3460: result: x86_64-pc-linux-gnu
configure:3546: checking for gcc
configure:3567: found /usr/bin/gcc
configure:3578: result: gcc
configure:3931: checking for C compiler version
configure:3940: gcc --version >&5
gcc (Ubuntu 11.3.0-1ubuntu1~22.04) 11.3.0
Copyright (C) 2021 Free Software Foundation, Inc.
This is free software; see the source for copying conditions.  There is NO
warranty; not even for MERCHANTABILITY or FITNESS FOR A PARTICULAR PURPOSE.

configure:3951: $? = 0
configure:3940: gcc -v >&5
Using built-in specs.
COLLECT_GCC=gcc
COLLECT_LTO_WRAPPER=/usr/lib/gcc/x86_64-linux-gnu/11/lto-wrapper
OFFLOAD_TARGET_NAMES=nvptx-none:amdgcn-amdhsa
OFFLOAD_TARGET_DEFAULT=1
Target: x86_64-linux-gnu
Configured with: ../src/configure -v --with-pkgversion='Ubuntu 11.3.0-1ubuntu1~22.04' --with-bugurl=file:///usr/share/doc/gcc-11/README.Bugs --enable-languages=c,ada,c++,go,brig,d,fortran,objc,obj-c++,m2 --prefix=/usr --with-gcc-major-version-only --program-suffix=-11 --program-prefix=x86_64-linux-gnu- --enable-shared --enable-linker-build-id --libexecdir=/usr/lib --without-included-gettext --enable-threads=posix --libdir=/usr/lib --enable-nls --enable-bootstrap --enable-clocale=gnu --enable-libstdcxx-debug --enable-libstdcxx-time=yes --with-default-libstdcxx-abi=new --enable-gnu-unique-object --disable-vtable-verify --enable-plugin --enable-default-pie --with-system-zlib --enable-libphobos-checking=release --with-target-system-zlib=auto --enable-objc-gc=auto --enable-multiarch --disable-werror --enable-cet --with-arch-32=i686 --with-abi=m64 --with-multilib-list=m32,m64,mx32 --enable-multilib --with-tune=generic --enable-offload-targets=nvptx-none=/build/gcc-11-xKiWfi/gcc-11-11.3.0/debian/tmp-nvptx/usr,amdgcn-amdhsa=/build/gcc-11-xKiWfi/gcc-11-11.3.0/debian/tmp-gcn/usr --without-cuda-driver --enable-checking=release --build=x86_64-linux-gnu --host=x86_64-linux-gnu --target=x86_64-linux-gnu --with-build-config=bootstrap-lto-lean --enable-link-serialization=2
Thread model: posix
Supported LTO compression algorithms: zlib zstd
gcc version 11.3.0 (Ubuntu 11.3.0-1ubuntu1~22.04) 
... rest of stderr output deleted ...
configure:3951: $? = 0
configure:3940: gcc -V >&5
gcc: error: unrecognized command-line option '-V'
gcc: fatal error: no input files
compilation terminated.
configure:3951: $? = 1
configure:3940: gcc -qversion >&5
gcc: error: unrecognized command-line option '-qversion'; did you mean '--version'?
gcc: fatal error: no input files
compilation terminated.
configure:3951: $? = 1
configure:3940: gcc -version >&5
gcc: error: unrecognized command-line option '-version'
gcc: fatal error: no input files
compilation terminated.
configure:3951: $? = 1
configure:3971: checking whether the C compiler works
configure:3993: gcc    conftest.c  >&5
configure:3997: $? = 0
configure:4047: result: yes
configure:4050: checking for C compiler default output file name
configure:4052: result: a.out
configure:4058: checking for suffix of executables
configure:4065: gcc -o conftest    conftest.c  >&5
configure:4069: $? = 0
configure:4092: result: 
configure:4114: checking whether we are cross compiling
configure:4122: gcc -o conftest    conftest.c  >&5
configure:4126: $? = 0
configure:4133: ./conftest
configure:4137: $? = 0
configure:4152: result: no
configure:4157: checking for suffix of object files
configure:4180: gcc -c   conftest.c >&5
configure:4184: $? = 0
configure:4206: result: o
configure:4210: checking whether the compiler supports GNU C
configure:4230: gcc -c   conftest.c >&5
configure:4230: $? = 0
configure:4240: result: yes
configure:4251: checking whether gcc accepts -g
configure:4272: gcc -c -g  conftest.c >&5
configure:4272: $? = 0
configure:4316: result: yes
configure:4336: checking for gcc option to enable C11 features
configure:4351: gcc  -c -g -O2  conftest.c >&5
configure:4351: $? = 0
configure:4369: result: none needed
configure:4485: checking whether gcc understands -c and -o together
configure:4508: gcc -c conftest.c -o conftest2.o
configure:4511: $? = 0
configure:4508: gcc -c conftest.c -o conftest2.o
configure:4511: $? = 0
configure:4523: result: yes
configure:4540: checking for a sed that does not truncate output
configure:4610: result: /usr/bin/sed
configure:4628: checking for grep that handles long lines and -e
configure:4692: result: /usr/bin/grep
configure:4697: checking for egrep
configure:4765: result: /usr/bin/grep -E
configure:4770: checking for fgrep
configure:4838: result: /usr/bin/grep -F
configure:4874: checking for ld used by gcc
configure:4942: result: /usr/bin/ld
configure:4949: checking if the linker (/usr/bin/ld) is GNU ld
configure:4965: result: yes
configure:4977: checking for BSD- or MS-compatible name lister (nm)
configure:5027: result: /usr/bin/nm -B
configure:5155: checking the name lister (/usr/bin/nm -B) interface
configure:5163: gcc -c -g -O2  conftest.c >&5
configure:5166: /usr/bin/nm -B "conftest.o"
configure:5169: output
0000000000000000 B some_variable
configure:5176: result: BSD nm
configure:5179: checking whether ln -s works
configure:5183: result: yes
configure:5191: checking the maximum length of command line arguments
configure:5318: result: 1572864
configure:5335: checking whether the shell understands some XSI constructs
configure:5345: result: yes
configure:5349: checking whether the shell understands "+="
configure:5355: result: yes
configure:5390: checking for /usr/bin/ld option to reload object files
configure:5398: result: -r
configure:5472: checking for objdump
configure:5493: found /usr/bin/objdump
configure:5504: result: objdump
configure:5533: checking how to recognize dependent libraries
configure:5735: result: pass_all
configure:5800: checking for ar
configure:5821: found /usr/bin/ar
configure:5832: result: ar
configure:5915: checking for strip
configure:5936: found /usr/bin/strip
configure:5947: result: strip
configure:6024: checking for ranlib
configure:6045: found /usr/bin/ranlib
configure:6056: result: ranlib
configure:6146: checking command to parse /usr/bin/nm -B output from gcc object
configure:6265: gcc -c -g -O2  conftest.c >&5
configure:6268: $? = 0
configure:6272: /usr/bin/nm -B conftest.o \| sed -n -e 's/^.*[	 ]\([ABCDGIRSTW][ABCDGIRSTW]*\)[	 ][	 ]*\([_A-Za-z][_A-Za-z0-9]*\)$/\1 \2 \2/p' \> conftest.nm
configure:6275: $? = 0
configure:6329: gcc -o conftest -g -O2   conftest.c conftstm.o >&5
configure:6332: $? = 0
configure:6370: result: ok
configure:6467: gcc -c -g -O2  conftest.c >&5
configure:6470: $? = 0
configure:7232: checking for stdio.h
configure:7232: gcc -c -g -O2  conftest.c >&5
configure:7232: $? = 0
configure:7232: result: yes
configure:7232: checking for stdlib.h
configure:7232: gcc -c -g -O2  conftest.c >&5
configure:7232: $? = 0
configure:7232: result: yes
configure:7232: checking for string.h
configure:7232: gcc -c -g -O2  conftest.c >&5
configure:7232: $? = 0
configure:7232: result: yes
configure:7232: checking for inttypes.h
configure:7232: gcc -c -g -O2  conftest.c >&5
configure:7232: $? = 0
configure:7232: result: yes
configure:7232: checking for stdint.h
configure:7232: gcc -c -g -O2  conftest.c >&5
configure:7232: $? = 0
configure:7232: result: yes
configure:7232: checking for strings.h
configure:7232: gcc -c -g -O2  conftest.c >&5
configure:7232: $? = 0
configure:7232: result: yes
configure:7232: checking for sys/stat.h
configure:7232: gcc -c -g -O2  conftest.c >&5
configure:7232: $? = 0
configure:7232: result: yes
configure:7232: checking for sys/types.h
configure:7232: gcc -c -g -O2  conftest.c >&5
configure:7232: $? = 0
configure:7232: result: yes
configure:7232: checking for unistd.h
configure:7232: gcc -c -g -O2  conftest.c >&5
configure:7232: $? = 0
configure:7232: result: yes
configure:7257: checking for dlfcn.h
configure:7257: gcc -c -g -O2  conftest.c >&5
configure:7257: $? = 0
configure:7257: result: yes
configure:7770: checking for objdir
configure:7786: result: .libs
configure:8082: checking if gcc supports -fno-rtti -fno-exceptions
configure:8101: gcc -c -g -O2  -fno-rtti -fno-exceptions conftest.c >&5
cc1: warning: command-line option '-fno-rtti' is valid for C++/D/ObjC++ but not for C
configure:8105: $? = 0
configure:8118: result: no
configure:8138: checking for gcc option to produce PIC
configure:8420: result: -fPIC -DPIC
configure:8432: checking if gcc PIC flag -fPIC -DPIC works
configure:8451: gcc -c -g -O2  -fPIC -DPIC -DPIC conftest.c >&5
configure:8455: $? = 0
configure:8468: result: yes
configure:8492: checking if gcc static flag -static works
configure:8521: result: yes
configure:8536: checking if gcc supports -c -o file.o
configure:8558: gcc -c -g -O2  -o out/conftest2.o conftest.c >&5
configure:8562: $? = 0
configure:8584: result: yes
configure:8592: checking if gcc supports -c -o file.o
configure:8640: result: yes
configure:8673: checking whether the gcc linker (/usr/bin/ld -m elf_x86_64) supports shared libraries
configure:9707: result: yes
configure:9744: checking whether -lc should be explicitly linked in
configure:9749: gcc -c -g -O2  conftest.c >&5
configure:9752: $? = 0
configure:9767: gcc -shared conftest.o  -v -Wl,-soname -Wl,conftest -o conftest 2\>\&1 \| /usr/bin/grep  -lc  \>/dev/null 2\>\&1
configure:9770: $? = 0
configure:9782: result: no
configure:9946: checking dynamic linker characteristics
configure:10377: gcc -o conftest -g -O2   -Wl,-rpath -Wl,/foo conftest.c  >&5
configure:10377: $? = 0
configure:10622: result: GNU/Linux ld.so
configure:10724: checking how to hardcode library paths into programs
configure:10749: result: immediate
configure:11273: checking whether stripping libraries is possible
configure:11278: result: yes
configure:11313: checking if libtool supports shared libraries
configure:11315: result: yes
configure:11318: checking whether to build shared libraries
configure:11339: result: yes
configure:11342: checking whether to build static libraries
configure:11346: result: yes
configure:11432: checking for a BSD-compatible install
configure:11505: result: /usr/bin/install -c
configure:11516: checking whether build environment is sane
configure:11571: result: yes
configure:11726: checking for a race-free mkdir -p
configure:11770: result: /usr/bin/mkdir -p
configure:11777: checking for gawk
configure:11812: result: no
configure:11777: checking for mawk
configure:11798: found /usr/bin/mawk
configure:11809: result: mawk
configure:11820: checking whether make sets $(MAKE)
configure:11843: result: yes
configure:11865: checking whether make supports the include directive
configure:11880: make -f confmf.GNU && cat confinc.out
this is the am__doit target
configure:11883: $? = 0
configure:11902: result: yes (GNU style)
configure:11937: checking whether make supports nested variables
configure:11955: result: yes
configure:12040: checking whether UID '0' is supported by ustar format
configure:12046: result: yes
configure:12053: checking whether GID '0' is supported by ustar format
configure:12059: result: yes
configure:12067: checking how to create a ustar tar archive
configure:12078: tar --version
tar (GNU tar) 1.34
Copyright (C) 2021 Free Software Foundation, Inc.
License GPLv3+: GNU GPL version 3 or later <https://gnu.org/licenses/gpl.html>.
This is free software: you are free to change and redistribute it.
There is NO WARRANTY, to the extent permitted by law.

Written by John Gilmore and Jay Fenlason.
configure:12081: $? = 0
configure:12121: tardir=conftest.dir && eval tar --format=ustar -cf - "$tardir" >conftest.tar
configure:12124: $? = 0
configure:12128: tar -xf - <conftest.tar
configure:12131: $? = 0
configure:12133: cat conftest.dir/file
GrepMe
configure:12136: $? = 0
configure:12150: result: gnutar
configure:12159: checking dependency style of gcc
configure:12271: result: gcc3
configure:12397: checking for gcc
configure:12429: result: gcc
configure:12782: checking for C compiler version
configure:12791: gcc --version >&5
gcc (Ubuntu 11.3.0-1ubuntu1~22.04) 11.3.0
Copyright (C) 2021 Free Software Foundation, Inc.
This is free software; see the source for copying conditions.  There is NO
warranty; not even for MERCHANTABILITY or FITNESS FOR A PARTICULAR PURPOSE.

configure:12802: $? = 0
configure:12791: gcc -v >&5
Using built-in specs.
COLLECT_GCC=gcc
COLLECT_LTO_WRAPPER=/usr/lib/gcc/x86_64-linux-gnu/11/lto-wrapper
OFFLOAD_TARGET_NAMES=nvptx-none:amdgcn-amdhsa
OFFLOAD_TARGET_DEFAULT=1
Target: x86_64-linux-gnu
Configured with: ../src/configure -v --with-pkgversion='Ubuntu 11.3.0-1ubuntu1~22.04' --with-bugurl=file:///usr/share/doc/gcc-11/README.Bugs --enable-languages=c,ada,c++,go,brig,d,fortran,objc,obj-c++,m2 --prefix=/usr --with-gcc-major-version-only --program-suffix=-11 --program-prefix=x86_64-linux-gnu- --enable-shared --enable-linker-build-id --libexecdir=/usr/lib --without-included-gettext --enable-threads=posix --libdir=/usr/lib --enable-nls --enable-bootstrap --enable-clocale=gnu --enable-libstdcxx-debug --enable-libstdcxx-time=yes --with-default-libstdcxx-abi=new --enable-gnu-unique-object --disable-vtable-verify --enable-plugin --enable-default-pie --with-system-zlib --enable-libphobos-checking=release --with-target-system-zlib=auto --enable-objc-gc=auto --enable-multiarch --disable-werror --enable-cet --with-arch-32=i686 --with-abi=m64 --with-multilib-list=m32,m64,mx32 --enable-multilib --with-tune=generic --enable-offload-targets=nvptx-none=/build/gcc-11-xKiWfi/gcc-11-11.3.0/debian/tmp-nvptx/usr,amdgcn-amdhsa=/build/gcc-11-xKiWfi/gcc-11-11.3.0/debian/tmp-gcn/usr --without-cuda-driver --enable-checking=release --build=x86_64-linux-gnu --host=x86_64-linux-gnu --target=x86_64-linux-gnu --with-build-config=bootstrap-lto-lean --enable-link-serialization=2
Thread model: posix
Supported LTO compression algorithms: zlib zstd
gcc version 11.3.0 (Ubuntu 11.3.0-1ubuntu1~22.04) 
... rest of stderr output deleted ...
configure:12802: $? = 0
configure:12791: gcc -V >&5
gcc: error: unrecognized command-line option '-V'
gcc: fatal error: no input files
compilation terminated.
configure:12802: $? = 1
configure:12791: gcc -qversion >&5
gcc: error: unrecognized command-line option '-qversion'; did you mean '--version'?
gcc: fatal error: no input files
compilation terminated.
configure:12802: $? = 1
configure:12791: gcc -version >&5
gcc: error: unrecognized command-line option '-version'
gcc: fatal error: no input files
compilation terminated.
configure:12802: $? = 1
configure:12806: checking whether the compiler supports GNU C
configure:12836: result: yes
configure:12847: checking whether gcc accepts -g
configure:12912: result: yes
configure:12932: checking for gcc option to enable C11 features
configure:12965: result: none needed
configure:13081: checking whether gcc understands -c and -o together
configure:13119: result: yes
configure:13205: checking for g++
configure:13226: found /usr/bin/g++
configure:13237: result: g++
configure:13264: checking for C++ compiler version
configure:13273: g++ --version >&5
g++ (Ubuntu 11.3.0-1ubuntu1~22.04) 11.3.0
Copyright (C) 2021 Free Software Foundation, Inc.
This is free software; see the source for copying conditions.  There is NO
warranty; not even for MERCHANTABILITY or FITNESS FOR A PARTICULAR PURPOSE.

configure:13284: $? = 0
configure:13273: g++ -v >&5
Using built-in specs.
COLLECT_GCC=g++
COLLECT_LTO_WRAPPER=/usr/lib/gcc/x86_64-linux-gnu/11/lto-wrapper
OFFLOAD_TARGET_NAMES=nvptx-none:amdgcn-amdhsa
OFFLOAD_TARGET_DEFAULT=1
Target: x86_64-linux-gnu
Configured with: ../src/configure -v --with-pkgversion='Ubuntu 11.3.0-1ubuntu1~22.04' --with-bugurl=file:///usr/share/doc/gcc-11/README.Bugs --enable-languages=c,ada,c++,go,brig,d,fortran,objc,obj-c++,m2 --prefix=/usr --with-gcc-major-version-only --program-suffix=-11 --program-prefix=x86_64-linux-gnu- --enable-shared --enable-linker-build-id --libexecdir=/usr/lib --without-included-gettext --enable-threads=posix --libdir=/usr/lib --enable-nls --enable-bootstrap --enable-clocale=gnu --enable-libstdcxx-debug --enable-libstdcxx-time=yes --with-default-libstdcxx-abi=new --enable-gnu-unique-object --disable-vtable-verify --enable-plugin --enable-default-pie --with-system-zlib --enable-libphobos-checking=release --with-target-system-zlib=auto --enable-objc-gc=auto --enable-multiarch --disable-werror --enable-cet --with-arch-32=i686 --with-abi=m64 --with-multilib-list=m32,m64,mx32 --enable-multilib --with-tune=generic --enable-offload-targets=nvptx-none=/build/gcc-11-xKiWfi/gcc-11-11.3.0/debian/tmp-nvptx/usr,amdgcn-amdhsa=/build/gcc-11-xKiWfi/gcc-11-11.3.0/debian/tmp-gcn/usr --without-cuda-driver --enable-checking=release --build=x86_64-linux-gnu --host=x86_64-linux-gnu --target=x86_64-linux-gnu --with-build-config=bootstrap-lto-lean --enable-link-serialization=2
Thread model: posix
Supported LTO compression algorithms: zlib zstd
gcc version 11.3.0 (Ubuntu 11.3.0-1ubuntu1~22.04) 
... rest of stderr output deleted ...
configure:13284: $? = 0
configure:13273: g++ -V >&5
g++: error: unrecognized command-line option '-V'
g++: fatal error: no input files
compilation terminated.
configure:13284: $? = 1
configure:13273: g++ -qversion >&5
g++: error: unrecognized command-line option '-qversion'; did you mean '--version'?
g++: fatal error: no input files
compilation terminated.
configure:13284: $? = 1
configure:13288: checking whether the compiler supports GNU C++
configure:13308: g++ -c   conftest.cpp >&5
configure:13308: $? = 0
configure:13318: result: yes
configure:13329: checking whether g++ accepts -g
configure:13350: g++ -c -g  conftest.cpp >&5
configure:13350: $? = 0
configure:13394: result: yes
configure:13414: checking for g++ option to enable C++11 features
configure:13429: g++  -c -g -O2  conftest.cpp >&5
conftest.cpp: In function 'int main(int, char**)':
conftest.cpp:192:25: warning: empty parentheses were disambiguated as a function declaration [-Wvexing-parse]
  192 |   cxx11test::delegate d2();
      |                         ^~
conftest.cpp:192:25: note: remove parentheses to default-initialize a variable
  192 |   cxx11test::delegate d2();
      |                         ^~
      |                         --
conftest.cpp:192:25: note: or replace parentheses with braces to value-initialize a variable
configure:13429: $? = 0
configure:13447: result: none needed
configure:13634: checking for C++ compiler version
configure:13643: g++ --version >&5
g++ (Ubuntu 11.3.0-1ubuntu1~22.04) 11.3.0
Copyright (C) 2021 Free Software Foundation, Inc.
This is free software; see the source for copying conditions.  There is NO
warranty; not even for MERCHANTABILITY or FITNESS FOR A PARTICULAR PURPOSE.

configure:13654: $? = 0
configure:13643: g++ -v >&5
Using built-in specs.
COLLECT_GCC=g++
COLLECT_LTO_WRAPPER=/usr/lib/gcc/x86_64-linux-gnu/11/lto-wrapper
OFFLOAD_TARGET_NAMES=nvptx-none:amdgcn-amdhsa
OFFLOAD_TARGET_DEFAULT=1
Target: x86_64-linux-gnu
Configured with: ../src/configure -v --with-pkgversion='Ubuntu 11.3.0-1ubuntu1~22.04' --with-bugurl=file:///usr/share/doc/gcc-11/README.Bugs --enable-languages=c,ada,c++,go,brig,d,fortran,objc,obj-c++,m2 --prefix=/usr --with-gcc-major-version-only --program-suffix=-11 --program-prefix=x86_64-linux-gnu- --enable-shared --enable-linker-build-id --libexecdir=/usr/lib --without-included-gettext --enable-threads=posix --libdir=/usr/lib --enable-nls --enable-bootstrap --enable-clocale=gnu --enable-libstdcxx-debug --enable-libstdcxx-time=yes --with-default-libstdcxx-abi=new --enable-gnu-unique-object --disable-vtable-verify --enable-plugin --enable-default-pie --with-system-zlib --enable-libphobos-checking=release --with-target-system-zlib=auto --enable-objc-gc=auto --enable-multiarch --disable-werror --enable-cet --with-arch-32=i686 --with-abi=m64 --with-multilib-list=m32,m64,mx32 --enable-multilib --with-tune=generic --enable-offload-targets=nvptx-none=/build/gcc-11-xKiWfi/gcc-11-11.3.0/debian/tmp-nvptx/usr,amdgcn-amdhsa=/build/gcc-11-xKiWfi/gcc-11-11.3.0/debian/tmp-gcn/usr --without-cuda-driver --enable-checking=release --build=x86_64-linux-gnu --host=x86_64-linux-gnu --target=x86_64-linux-gnu --with-build-config=bootstrap-lto-lean --enable-link-serialization=2
Thread model: posix
Supported LTO compression algorithms: zlib zstd
gcc version 11.3.0 (Ubuntu 11.3.0-1ubuntu1~22.04) 
... rest of stderr output deleted ...
configure:13654: $? = 0
configure:13643: g++ -V >&5
g++: error: unrecognized command-line option '-V'
g++: fatal error: no input files
compilation terminated.
configure:13654: $? = 1
configure:13643: g++ -qversion >&5
g++: error: unrecognized command-line option '-qversion'; did you mean '--version'?
g++: fatal error: no input files
compilation terminated.
configure:13654: $? = 1
configure:13658: checking whether the compiler supports GNU C++
configure:13688: result: yes
configure:13699: checking whether g++ accepts -g
configure:13764: result: yes
configure:13784: checking for g++ option to enable C++11 features
configure:13817: result: none needed
configure:13883: checking dependency style of g++
configure:13995: result: gcc3
configure:14018: checking how to run the C++ preprocessor
configure:14040: g++ -E  conftest.cpp
configure:14040: $? = 0
configure:14055: g++ -E  conftest.cpp
conftest.cpp:26:10: fatal error: ac_nonexistent.h: No such file or directory
   26 | #include <ac_nonexistent.h>
      |          ^~~~~~~~~~~~~~~~~~
compilation terminated.
configure:14055: $? = 1
configure: failed program was:
| /* confdefs.h */
| #define PACKAGE_NAME "SDL2_ttf"
| #define PACKAGE_TARNAME "SDL2_ttf"
| #define PACKAGE_VERSION "2.20.1"
| #define PACKAGE_STRING "SDL2_ttf 2.20.1"
| #define PACKAGE_BUGREPORT "https://github.com/libsdl-org/SDL_ttf/issues"
| #define PACKAGE_URL ""
| #define HAVE_STDIO_H 1
| #define HAVE_STDLIB_H 1
| #define HAVE_STRING_H 1
| #define HAVE_INTTYPES_H 1
| #define HAVE_STDINT_H 1
| #define HAVE_STRINGS_H 1
| #define HAVE_SYS_STAT_H 1
| #define HAVE_SYS_TYPES_H 1
| #define HAVE_UNISTD_H 1
| #define STDC_HEADERS 1
| #define HAVE_DLFCN_H 1
| #define LT_OBJDIR ".libs/"
| #define SDL_BUILD_MAJOR_VERSION 2
| #define SDL_BUILD_MINOR_VERSION 20
| #define SDL_BUILD_MICRO_VERSION 1
| #define PACKAGE "SDL2_ttf"
| #define VERSION "2.20.1"
| /* end confdefs.h.  */
| #include <ac_nonexistent.h>
configure:14082: result: g++ -E
configure:14096: g++ -E  conftest.cpp
configure:14096: $? = 0
configure:14111: g++ -E  conftest.cpp
conftest.cpp:26:10: fatal error: ac_nonexistent.h: No such file or directory
   26 | #include <ac_nonexistent.h>
      |          ^~~~~~~~~~~~~~~~~~
compilation terminated.
configure:14111: $? = 1
configure: failed program was:
| /* confdefs.h */
| #define PACKAGE_NAME "SDL2_ttf"
| #define PACKAGE_TARNAME "SDL2_ttf"
| #define PACKAGE_VERSION "2.20.1"
| #define PACKAGE_STRING "SDL2_ttf 2.20.1"
| #define PACKAGE_BUGREPORT "https://github.com/libsdl-org/SDL_ttf/issues"
| #define PACKAGE_URL ""
| #define HAVE_STDIO_H 1
| #define HAVE_STDLIB_H 1
| #define HAVE_STRING_H 1
| #define HAVE_INTTYPES_H 1
| #define HAVE_STDINT_H 1
| #define HAVE_STRINGS_H 1
| #define HAVE_SYS_STAT_H 1
| #define HAVE_SYS_TYPES_H 1
| #define HAVE_UNISTD_H 1
| #define STDC_HEADERS 1
| #define HAVE_DLFCN_H 1
| #define LT_OBJDIR ".libs/"
| #define SDL_BUILD_MAJOR_VERSION 2
| #define SDL_BUILD_MINOR_VERSION 20
| #define SDL_BUILD_MICRO_VERSION 1
| #define PACKAGE "SDL2_ttf"
| #define VERSION "2.20.1"
| /* end confdefs.h.  */
| #include <ac_nonexistent.h>
configure:14282: checking for ld used by g++
configure:14350: result: /usr/bin/ld -m elf_x86_64
configure:14357: checking if the linker (/usr/bin/ld -m elf_x86_64) is GNU ld
configure:14373: result: yes
configure:14428: checking whether the g++ linker (/usr/bin/ld -m elf_x86_64) supports shared libraries
configure:15371: result: yes
configure:15399: g++ -c -g -O2  conftest.cpp >&5
configure:15402: $? = 0
configure:15584: checking for g++ option to produce PIC
configure:15906: result: -fPIC -DPIC
configure:15915: checking if g++ PIC flag -fPIC -DPIC works
configure:15934: g++ -c -g -O2  -fPIC -DPIC -DPIC conftest.cpp >&5
configure:15938: $? = 0
configure:15951: result: yes
configure:15972: checking if g++ static flag -static works
configure:16001: result: yes
configure:16013: checking if g++ supports -c -o file.o
configure:16035: g++ -c -g -O2  -o out/conftest2.o conftest.cpp >&5
configure:16039: $? = 0
configure:16061: result: yes
configure:16066: checking if g++ supports -c -o file.o
configure:16114: result: yes
configure:16144: checking whether the g++ linker (/usr/bin/ld -m elf_x86_64) supports shared libraries
configure:16170: result: yes
configure:16307: checking dynamic linker characteristics
configure:16686: g++ -o conftest -g -O2   -Wl,-rpath -Wl,/foo conftest.cpp  >&5
configure:16686: $? = 0
configure:16931: result: GNU/Linux ld.so
configure:16982: checking how to hardcode library paths into programs
configure:17007: result: immediate
configure:17048: checking dependency style of g++
configure:17160: result: gcc3
configure:17223: checking for windres
configure:17258: result: no
configure:17285: checking for special C compiler options needed for large files
configure:17333: result: no
configure:17339: checking for _FILE_OFFSET_BITS value needed for large files
configure:17365: gcc -c -g -O2  conftest.c >&5
configure:17365: $? = 0
configure:17399: result: no
configure:17482: checking whether make sets $(MAKE)
configure:17505: result: yes
configure:17613: checking for pkg-config
configure:17636: found /usr/bin/pkg-config
configure:17648: result: /usr/bin/pkg-config
configure:17673: checking pkg-config is at least version 0.9.0
configure:17676: result: yes
configure:17716: checking for sdl2 >= 2.0.10
configure:17723: $PKG_CONFIG --exists --print-errors "sdl2 >= $min_sdl_version"
configure:17726: $? = 0
configure:17740: $PKG_CONFIG --exists --print-errors "sdl2 >= $min_sdl_version"
configure:17743: $? = 0
configure:17781: result: yes
configure:18055: checking for GCC -Wall option
configure:18072: gcc -c -g -O2 -D_REENTRANT -I/usr/local/include -I/usr/local/include/SDL2 -Wall  conftest.c >&5
configure:18072: $? = 0
configure:18077: result: yes
configure:18085: checking for necessary GCC -Wno-multichar option
configure:18093: result: no
configure:18104: checking for GCC -fvisibility=hidden option
configure:18133: gcc -c -g -O2 -D_REENTRANT -I/usr/local/include -I/usr/local/include/SDL2 -Wall -fvisibility=hidden -Werror  conftest.c >&5
configure:18133: $? = 0
configure:18138: result: yes
configure:18940: checking whether g++ supports C++11 features by default
configure:19237: g++ -c -g -O2 -Wall -fvisibility=hidden  conftest.cpp >&5
configure:19237: $? = 0
configure:19245: result: yes
configure:19931: checking alignment of struct{char;}
configure:19937: gcc -o conftest -g -O2 -D_REENTRANT -I/usr/local/include -I/usr/local/include/SDL2 -Wall -fvisibility=hidden   conftest.c  -L/usr/local/lib -Wl,-rpath,/usr/local/lib -Wl,--enable-new-dtags -lSDL2 >&5
conftest.c:56:37: warning: declaration does not declare anything
   56 | typedef struct { char x; struct{char;} y; } ac__type_alignof_;
      |                                     ^
configure:19937: $? = 0
configure:19937: ./conftest
configure:19937: $? = 0
configure:19953: result: 1
configure:18019: checking for linker option --no-undefined
configure:18039: gcc -o conftest -g -O2 -D_REENTRANT -I/usr/local/include -I/usr/local/include/SDL2 -Wall -fvisibility=hidden   -Wl,--no-undefined conftest.c  -L/usr/local/lib -Wl,-rpath,/usr/local/lib -Wl,--enable-new-dtags -lSDL2 >&5
configure:18039: $? = 0
configure:18049: result: yes
configure:20154: checking how to run the C preprocessor
configure:20180: gcc -E  conftest.c
configure:20180: $? = 0
configure:20195: gcc -E  conftest.c
conftest.c:29:10: fatal error: ac_nonexistent.h: No such file or directory
   29 | #include <ac_nonexistent.h>
      |          ^~~~~~~~~~~~~~~~~~
compilation terminated.
configure:20195: $? = 1
configure: failed program was:
| /* confdefs.h */
| #define PACKAGE_NAME "SDL2_ttf"
| #define PACKAGE_TARNAME "SDL2_ttf"
| #define PACKAGE_VERSION "2.20.1"
| #define PACKAGE_STRING "SDL2_ttf 2.20.1"
| #define PACKAGE_BUGREPORT "https://github.com/libsdl-org/SDL_ttf/issues"
| #define PACKAGE_URL ""
| #define HAVE_STDIO_H 1
| #define HAVE_STDLIB_H 1
| #define HAVE_STRING_H 1
| #define HAVE_INTTYPES_H 1
| #define HAVE_STDINT_H 1
| #define HAVE_STRINGS_H 1
| #define HAVE_SYS_STAT_H 1
| #define HAVE_SYS_TYPES_H 1
| #define HAVE_UNISTD_H 1
| #define STDC_HEADERS 1
| #define HAVE_DLFCN_H 1
| #define LT_OBJDIR ".libs/"
| #define SDL_BUILD_MAJOR_VERSION 2
| #define SDL_BUILD_MINOR_VERSION 20
| #define SDL_BUILD_MICRO_VERSION 1
| #define PACKAGE "SDL2_ttf"
| #define VERSION "2.20.1"
| #define TTF_USE_HARFBUZZ 1
| #define HAVE_CXX11 1
| #define ALIGNOF_STRUCT_CHAR__ 1
| /* end confdefs.h.  */
| #include <ac_nonexistent.h>
configure:20222: result: gcc -E
configure:20236: gcc -E  conftest.c
configure:20236: $? = 0
configure:20251: gcc -E  conftest.c
conftest.c:29:10: fatal error: ac_nonexistent.h: No such file or directory
   29 | #include <ac_nonexistent.h>
      |          ^~~~~~~~~~~~~~~~~~
compilation terminated.
configure:20251: $? = 1
configure: failed program was:
| /* confdefs.h */
| #define PACKAGE_NAME "SDL2_ttf"
| #define PACKAGE_TARNAME "SDL2_ttf"
| #define PACKAGE_VERSION "2.20.1"
| #define PACKAGE_STRING "SDL2_ttf 2.20.1"
| #define PACKAGE_BUGREPORT "https://github.com/libsdl-org/SDL_ttf/issues"
| #define PACKAGE_URL ""
| #define HAVE_STDIO_H 1
| #define HAVE_STDLIB_H 1
| #define HAVE_STRING_H 1
| #define HAVE_INTTYPES_H 1
| #define HAVE_STDINT_H 1
| #define HAVE_STRINGS_H 1
| #define HAVE_SYS_STAT_H 1
| #define HAVE_SYS_TYPES_H 1
| #define HAVE_UNISTD_H 1
| #define STDC_HEADERS 1
| #define HAVE_DLFCN_H 1
| #define LT_OBJDIR ".libs/"
| #define SDL_BUILD_MAJOR_VERSION 2
| #define SDL_BUILD_MINOR_VERSION 20
| #define SDL_BUILD_MICRO_VERSION 1
| #define PACKAGE "SDL2_ttf"
| #define VERSION "2.20.1"
| #define TTF_USE_HARFBUZZ 1
| #define HAVE_CXX11 1
| #define ALIGNOF_STRUCT_CHAR__ 1
| /* end confdefs.h.  */
| #include <ac_nonexistent.h>
configure:20282: checking for X
configure:20320: gcc -o conftest -g -O2 -D_REENTRANT -I/usr/local/include -I/usr/local/include/SDL2 -Wall -fvisibility=hidden   -Wl,--no-undefined conftest.c -lX11  -L/usr/local/lib -Wl,-rpath,/usr/local/lib -Wl,--enable-new-dtags -lSDL2 >&5
configure:20320: $? = 0
configure:20507: result: libraries , headers 
configure:20605: gcc -o conftest -g -O2 -D_REENTRANT -I/usr/local/include -I/usr/local/include/SDL2 -Wall -fvisibility=hidden   -Wl,--no-undefined conftest.c  -L/usr/local/lib -Wl,-rpath,/usr/local/lib -Wl,--enable-new-dtags -lSDL2  -lX11 >&5
configure:20605: $? = 0
configure:20704: checking for gethostbyname
configure:20704: gcc -o conftest -g -O2 -D_REENTRANT -I/usr/local/include -I/usr/local/include/SDL2 -Wall -fvisibility=hidden   -Wl,--no-undefined conftest.c  -L/usr/local/lib -Wl,-rpath,/usr/local/lib -Wl,--enable-new-dtags -lSDL2 >&5
configure:20704: $? = 0
configure:20704: result: yes
configure:20802: checking for connect
configure:20802: gcc -o conftest -g -O2 -D_REENTRANT -I/usr/local/include -I/usr/local/include/SDL2 -Wall -fvisibility=hidden   -Wl,--no-undefined conftest.c  -L/usr/local/lib -Wl,-rpath,/usr/local/lib -Wl,--enable-new-dtags -lSDL2 >&5
configure:20802: $? = 0
configure:20802: result: yes
configure:20852: checking for remove
configure:20852: gcc -o conftest -g -O2 -D_REENTRANT -I/usr/local/include -I/usr/local/include/SDL2 -Wall -fvisibility=hidden   -Wl,--no-undefined conftest.c  -L/usr/local/lib -Wl,-rpath,/usr/local/lib -Wl,--enable-new-dtags -lSDL2 >&5
configure:20852: $? = 0
configure:20852: result: yes
configure:20902: checking for shmat
configure:20902: gcc -o conftest -g -O2 -D_REENTRANT -I/usr/local/include -I/usr/local/include/SDL2 -Wall -fvisibility=hidden   -Wl,--no-undefined conftest.c  -L/usr/local/lib -Wl,-rpath,/usr/local/lib -Wl,--enable-new-dtags -lSDL2 >&5
configure:20902: $? = 0
configure:20902: result: yes
configure:20961: checking for IceConnectionNumber in -lICE
configure:20984: gcc -o conftest -g -O2 -D_REENTRANT -I/usr/local/include -I/usr/local/include/SDL2 -Wall -fvisibility=hidden   -Wl,--no-undefined conftest.c -lICE   -L/usr/local/lib -Wl,-rpath,/usr/local/lib -Wl,--enable-new-dtags -lSDL2 >&5
configure:20984: $? = 0
configure:20994: result: yes
configure:21013: checking for OpenGL support
configure:21033: gcc -o conftest -g -O2 -D_REENTRANT -I/usr/local/include -I/usr/local/include/SDL2 -Wall -fvisibility=hidden    -Wl,--no-undefined conftest.c  -L/usr/local/lib -Wl,-rpath,/usr/local/lib -Wl,--enable-new-dtags -lSDL2  -lGL >&5
configure:21033: $? = 0
configure:21039: result: yes
configure:21293: checking that generated files are newer than configure
configure:21299: result: done
configure:21346: creating ./config.status

## ---------------------- ##
## Running config.status. ##
## ---------------------- ##

This file was extended by SDL2_ttf config.status 2.20.1, which was
generated by GNU Autoconf 2.71.  Invocation command line was

  CONFIG_FILES    = 
  CONFIG_HEADERS  = 
  CONFIG_LINKS    = 
  CONFIG_COMMANDS = 
  $ ./config.status 

on kir

config.status:1101: creating Makefile
config.status:1101: creating sdl2_ttf-config.cmake
config.status:1101: creating sdl2_ttf-config-version.cmake
config.status:1101: creating SDL2_ttf.spec
config.status:1101: creating SDL2_ttf.pc
config.status:1273: executing libtool commands
config.status:1273: executing depfiles commands
config.status:2159: cd .       && sed -e '/# am--include-marker/d' Makefile         | make -f - am--depfiles
config.status:2164: $? = 0
config.status:1273: executing summary commands

## ---------------- ##
## Cache variables. ##
## ---------------- ##

ac_cv_alignof_struct_char__=1
ac_cv_build=x86_64-pc-linux-gnu
ac_cv_c_compiler_gnu=yes
ac_cv_cxx_compiler_gnu=yes
ac_cv_env_CCC_set=
ac_cv_env_CCC_value=
ac_cv_env_CC_set=
ac_cv_env_CC_value=
ac_cv_env_CFLAGS_set=
ac_cv_env_CFLAGS_value=
ac_cv_env_CPPFLAGS_set=
ac_cv_env_CPPFLAGS_value=
ac_cv_env_CPP_set=
ac_cv_env_CPP_value=
ac_cv_env_CXXCPP_set=
ac_cv_env_CXXCPP_value=
ac_cv_env_CXXFLAGS_set=
ac_cv_env_CXXFLAGS_value=
ac_cv_env_CXX_set=
ac_cv_env_CXX_value=
ac_cv_env_FT2_CFLAGS_set=
ac_cv_env_FT2_CFLAGS_value=
ac_cv_env_FT2_LIBS_set=
ac_cv_env_FT2_LIBS_value=
ac_cv_env_HB_CFLAGS_set=
ac_cv_env_HB_CFLAGS_value=
ac_cv_env_HB_LIBS_set=
ac_cv_env_HB_LIBS_value=
ac_cv_env_LDFLAGS_set=
ac_cv_env_LDFLAGS_value=
ac_cv_env_LIBS_set=
ac_cv_env_LIBS_value=
ac_cv_env_PKG_CONFIG_LIBDIR_set=
ac_cv_env_PKG_CONFIG_LIBDIR_value=
ac_cv_env_PKG_CONFIG_PATH_set=
ac_cv_env_PKG_CONFIG_PATH_value=
ac_cv_env_PKG_CONFIG_set=
ac_cv_env_PKG_CONFIG_value=
ac_cv_env_SDL_CFLAGS_set=
ac_cv_env_SDL_CFLAGS_value=
ac_cv_env_SDL_LIBS_set=
ac_cv_env_SDL_LIBS_value=
ac_cv_env_XMKMF_set=
ac_cv_env_XMKMF_value=
ac_cv_env_build_alias_set=
ac_cv_env_build_alias_value=
ac_cv_env_host_alias_set=
ac_cv_env_host_alias_value=
ac_cv_env_target_alias_set=
ac_cv_env_target_alias_value=
ac_cv_func_connect=yes
ac_cv_func_gethostbyname=yes
ac_cv_func_remove=yes
ac_cv_func_shmat=yes
ac_cv_have_x='have_x=yes	ac_x_includes='\'''\''	ac_x_libraries='\'''\'''
ac_cv_header_dlfcn_h=yes
ac_cv_header_inttypes_h=yes
ac_cv_header_stdint_h=yes
ac_cv_header_stdio_h=yes
ac_cv_header_stdlib_h=yes
ac_cv_header_string_h=yes
ac_cv_header_strings_h=yes
ac_cv_header_sys_stat_h=yes
ac_cv_header_sys_types_h=yes
ac_cv_header_unistd_h=yes
ac_cv_host=x86_64-pc-linux-gnu
ac_cv_lib_ICE_IceConnectionNumber=yes
ac_cv_objext=o
ac_cv_path_EGREP='/usr/bin/grep -E'
ac_cv_path_FGREP='/usr/bin/grep -F'
ac_cv_path_GREP=/usr/bin/grep
ac_cv_path_SED=/usr/bin/sed
ac_cv_path_ac_pt_PKG_CONFIG=/usr/bin/pkg-config
ac_cv_path_install='/usr/bin/install -c'
ac_cv_path_mkdir=/usr/bin/mkdir
ac_cv_prog_AWK=mawk
ac_cv_prog_CPP='gcc -E'
ac_cv_prog_CXXCPP='g++ -E'
ac_cv_prog_ac_ct_AR=ar
ac_cv_prog_ac_ct_CC=gcc
ac_cv_prog_ac_ct_CXX=g++
ac_cv_prog_ac_ct_OBJDUMP=objdump
ac_cv_prog_ac_ct_RANLIB=ranlib
ac_cv_prog_ac_ct_STRIP=strip
ac_cv_prog_cc_c11=
ac_cv_prog_cc_g=yes
ac_cv_prog_cc_stdc=
ac_cv_prog_cxx_11=no
ac_cv_prog_cxx_cxx11=
ac_cv_prog_cxx_g=yes
ac_cv_prog_cxx_stdcxx=
ac_cv_prog_make_make_set=yes
ac_cv_sys_file_offset_bits=no
ac_cv_sys_largefile_CC=no
am_cv_CC_dependencies_compiler_type=gcc3
am_cv_CXX_dependencies_compiler_type=gcc3
am_cv_make_support_nested_variables=yes
am_cv_prog_cc_c_o=yes
am_cv_prog_tar_ustar=gnutar
ax_cv_cxx_compile_cxx11=yes
lt_cv_deplibs_check_method=pass_all
lt_cv_file_magic_cmd='$MAGIC_CMD'
lt_cv_file_magic_test_file=
lt_cv_ld_reload_flag=-r
lt_cv_nm_interface='BSD nm'
lt_cv_objdir=.libs
lt_cv_path_LD=/usr/bin/ld
lt_cv_path_LDCXX='/usr/bin/ld -m elf_x86_64'
lt_cv_path_NM='/usr/bin/nm -B'
lt_cv_prog_compiler_c_o=yes
lt_cv_prog_compiler_c_o_CXX=yes
lt_cv_prog_compiler_pic_works=yes
lt_cv_prog_compiler_pic_works_CXX=yes
lt_cv_prog_compiler_rtti_exceptions=no
lt_cv_prog_compiler_static_works=yes
lt_cv_prog_compiler_static_works_CXX=yes
lt_cv_prog_gnu_ld=yes
lt_cv_prog_gnu_ldcxx=yes
lt_cv_sys_global_symbol_pipe='sed -n -e '\''s/^.*[	 ]\([ABCDGIRSTW][ABCDGIRSTW]*\)[	 ][	 ]*\([_A-Za-z][_A-Za-z0-9]*\)$/\1 \2 \2/p'\'''
lt_cv_sys_global_symbol_to_c_name_address='sed -n -e '\''s/^: \([^ ]*\) $/  {\"\1\", (void *) 0},/p'\'' -e '\''s/^[ABCDGIRSTW]* \([^ ]*\) \([^ ]*\)$/  {"\2", (void *) \&\2},/p'\'''
lt_cv_sys_global_symbol_to_c_name_address_lib_prefix='sed -n -e '\''s/^: \([^ ]*\) $/  {\"\1\", (void *) 0},/p'\'' -e '\''s/^[ABCDGIRSTW]* \([^ ]*\) \(lib[^ ]*\)$/  {"\2", (void *) \&\2},/p'\'' -e '\''s/^[ABCDGIRSTW]* \([^ ]*\) \([^ ]*\)$/  {"lib\2", (void *) \&\2},/p'\'''
lt_cv_sys_global_symbol_to_cdecl='sed -n -e '\''s/^T .* \(.*\)$/extern int \1();/p'\'' -e '\''s/^[ABCDGIRSTW]* .* \(.*\)$/extern char \1;/p'\'''
lt_cv_sys_max_cmd_len=1572864
pkg_cv_SDL_CFLAGS='-D_REENTRANT -I/usr/local/include -I/usr/local/include/SDL2'
pkg_cv_SDL_LIBS='-L/usr/local/lib -Wl,-rpath,/usr/local/lib -Wl,--enable-new-dtags -lSDL2'

## ----------------- ##
## Output variables. ##
## ----------------- ##

ACLOCAL='${SHELL} '\''/home/zaping/Documents/projet/SDL2_ttf-2.20.1/missing'\'' aclocal-1.16'
AMDEPBACKSLASH='\'
AMDEP_FALSE='#'
AMDEP_TRUE=''
AMTAR='$${TAR-tar}'
AM_BACKSLASH='\'
AM_DEFAULT_V='$(AM_DEFAULT_VERBOSITY)'
AM_DEFAULT_VERBOSITY='1'
AM_V='$(V)'
AR='ar'
AS='as'
AUTOCONF='${SHELL} '\''/home/zaping/Documents/projet/SDL2_ttf-2.20.1/missing'\'' autoconf'
AUTOHEADER='${SHELL} '\''/home/zaping/Documents/projet/SDL2_ttf-2.20.1/missing'\'' autoheader'
AUTOMAKE='${SHELL} '\''/home/zaping/Documents/projet/SDL2_ttf-2.20.1/missing'\'' automake-1.16'
AWK='mawk'
CC='gcc'
CCDEPMODE='depmode=gcc3'
CFLAGS='-g -O2 -D_REENTRANT -I/usr/local/include -I/usr/local/include/SDL2 -Wall -fvisibility=hidden  -DHAVE_OPENGL'
CPP='gcc -E'
CPPFLAGS=''
CSCOPE='cscope'
CTAGS='ctags'
CXX='g++'
CXXCPP='g++ -E'
CXXDEPMODE='depmode=gcc3'
CXXFLAGS='-g -O2 -Wall -fvisibility=hidden -Wno-unused-result -fno-rtti -fno-exceptions -fno-threadsafe-statics'
CYGPATH_W='echo'
DEFS='-DPACKAGE_NAME=\"SDL2_ttf\" -DPACKAGE_TARNAME=\"SDL2_ttf\" -DPACKAGE_VERSION=\"2.20.1\" -DPACKAGE_STRING=\"SDL2_ttf\ 2.20.1\" -DPACKAGE_BUGREPORT=\"https://github.com/libsdl-org/SDL_ttf/issues\" -DPACKAGE_URL=\"\" -DHAVE_STDIO_H=1 -DHAVE_STDLIB_H=1 -DHAVE_STRING_H=1 -DHAVE_INTTYPES_H=1 -DHAVE_STDINT_H=1 -DHAVE_STRINGS_H=1 -DHAVE_SYS_STAT_H=1 -DHAVE_SYS_TYPES_H=1 -DHAVE_UNISTD_H=1 -DSTDC_HEADERS=1 -DHAVE_DLFCN_H=1 -DLT_OBJDIR=\".libs/\" -DSDL_BUILD_MAJOR_VERSION=2 -DSDL_BUILD_MINOR_VERSION=20 -DSDL_BUILD_MICRO_VERSION=1 -DPACKAGE=\"SDL2_ttf\" -DVERSION=\"2.20.1\" -DTTF_USE_HARFBUZZ=1 -DHAVE_CXX11=1 -DALIGNOF_STRUCT_CHAR__=1'
DEPDIR='.deps'
DLLTOOL='dlltool'
DSYMUTIL=''
DUMPBIN=''
ECHO_C=''
ECHO_N='-n'
ECHO_T=''
EGREP='/usr/bin/grep -E'
ETAGS='etags'
EXEEXT=''
FGREP='/usr/bin/grep -F'
FT2_CFLAGS=''
FT2_CONFIG=''
FT2_LIBS=''
GL_LIBS=' -lGL'
GREP='/usr/bin/grep'
HAVE_CXX11='1'
HB_CFLAGS=''
HB_LIBS=''
INSTALL_DATA='${INSTALL} -m 644'
INSTALL_PROGRAM='${INSTALL}'
INSTALL_SCRIPT='${INSTALL}'
INSTALL_STRIP_PROGRAM='$(install_sh) -c -s'
LD='/usr/bin/ld -m elf_x86_64'
LDFLAGS=' -Wl,--no-undefined'
LIBOBJS=''
LIBS=' -L/usr/local/lib -Wl,-rpath,/usr/local/lib -Wl,--enable-new-dtags -lSDL2'
LIBTOOL='$(SHELL) $(top_builddir)/libtool'
LIPO=''
LN_S='ln -s'
LTLIBOBJS=''
LT_AGE='2000'
LT_CURRENT='2000'
LT_EXTRA=''
LT_RELEASE='2.0'
LT_REVISION='1'
MAJOR_VERSION='2'
MAKEINFO='${SHELL} '\''/home/zaping/Documents/projet/SDL2_ttf-2.20.1/missing'\'' makeinfo'
MATHLIB='-lm'
MICRO_VERSION='1'
MINOR_VERSION='20'
MKDIR_P='/usr/bin/mkdir -p'
NM='/usr/bin/nm -B'
NMEDIT=''
OBJDUMP='objdump'
OBJEXT='o'
OS_WIN32_FALSE=''
OS_WIN32_TRUE='#'
OTOOL64=''
OTOOL=''
PACKAGE='SDL2_ttf'
PACKAGE_BUGREPORT='https://github.com/libsdl-org/SDL_ttf/issues'
PACKAGE_NAME='SDL2_ttf'
PACKAGE_STRING='SDL2_ttf 2.20.1'
PACKAGE_TARNAME='SDL2_ttf'
PACKAGE_URL=''
PACKAGE_VERSION='2.20.1'
PATH_SEPARATOR=':'
PC_LIBS=''
PC_REQUIRES=''
PKG_CONFIG='/usr/bin/pkg-config'
PKG_CONFIG_LIBDIR=''
PKG_CONFIG_PATH=''
RANLIB='ranlib'
RC=':'
SDL2TTF_VENDORED='1'
SDL2_CONFIG='pkg-config sdl2'
SDL_CFLAGS='-D_REENTRANT -I/usr/local/include -I/usr/local/include/SDL2'
SDL_LIBS='-L/usr/local/lib -Wl,-rpath,/usr/local/lib -Wl,--enable-new-dtags -lSDL2'
SDL_VERSION='2.0.10'
SED='/usr/bin/sed'
SET_MAKE=''
SHELL='/bin/bash'
STRIP='strip'
TTF_CFLAGS=''
TTF_LIBS=''
TTF_USE_HARFBUZZ='1'
USE_BUILTIN_FREETYPE_FALSE='#'
USE_BUILTIN_FREETYPE_TRUE=''
USE_BUILTIN_HARFBUZZ_FALSE='#'
USE_BUILTIN_HARFBUZZ_TRUE=''
USE_VERSION_RC_FALSE=''
USE_VERSION_RC_TRUE='#'
VERSION='2.20.1'
XMKMF=''
X_CFLAGS=''
X_EXTRA_LIBS=''
X_LIBS=''
X_PRE_LIBS=' -lSM -lICE'
ac_ct_CC='gcc'
ac_ct_CXX='g++'
ac_ct_DUMPBIN=''
am__EXEEXT_FALSE=''
am__EXEEXT_TRUE='#'
am__fastdepCC_FALSE='#'
am__fastdepCC_TRUE=''
am__fastdepCXX_FALSE='#'
am__fastdepCXX_TRUE=''
am__include='include'
am__isrc=''
am__leading_dot='.'
am__nodep='_no'
am__quote=''
am__tar='tar --format=ustar -cf - "$$tardir"'
am__untar='tar -xf -'
bindir='${exec_prefix}/bin'
build='x86_64-pc-linux-gnu'
build_alias=''
build_cpu='x86_64'
build_os='linux-gnu'
build_vendor='pc'
cmake_prefix_relpath='../../..'
datadir='${datarootdir}'
datarootdir='${prefix}/share'
docdir='${datarootdir}/doc/${PACKAGE_TARNAME}'
dvidir='${docdir}'
exec_prefix='${prefix}'
host='x86_64-pc-linux-gnu'
host_alias=''
host_cpu='x86_64'
host_os='linux-gnu'
host_vendor='pc'
htmldir='${docdir}'
includedir='${prefix}/include'
infodir='${datarootdir}/info'
install_sh='${SHELL} /home/zaping/Documents/projet/SDL2_ttf-2.20.1/install-sh'
libdir='${exec_prefix}/lib'
libexecdir='${exec_prefix}/libexec'
localedir='${datarootdir}/locale'
localstatedir='${prefix}/var'
lt_ECHO='echo'
mandir='${datarootdir}/man'
mkdir_p='$(MKDIR_P)'
oldincludedir='/usr/include'
pdfdir='${docdir}'
prefix='/home/zaping/Documents/projet/sdlon'
program_transform_name='s,x,x,'
psdir='${docdir}'
runstatedir='${localstatedir}/run'
sbindir='${exec_prefix}/sbin'
sharedstatedir='${prefix}/com'
sysconfdir='${prefix}/etc'
target_alias=''

## ----------- ##
## confdefs.h. ##
## ----------- ##

/* confdefs.h */
#define PACKAGE_NAME "SDL2_ttf"
#define PACKAGE_TARNAME "SDL2_ttf"
#define PACKAGE_VERSION "2.20.1"
#define PACKAGE_STRING "SDL2_ttf 2.20.1"
#define PACKAGE_BUGREPORT "https://github.com/libsdl-org/SDL_ttf/issues"
#define PACKAGE_URL ""
#define HAVE_STDIO_H 1
#define HAVE_STDLIB_H 1
#define HAVE_STRING_H 1
#define HAVE_INTTYPES_H 1
#define HAVE_STDINT_H 1
#define HAVE_STRINGS_H 1
#define HAVE_SYS_STAT_H 1
#define HAVE_SYS_TYPES_H 1
#define HAVE_UNISTD_H 1
#define STDC_HEADERS 1
#define HAVE_DLFCN_H 1
#define LT_OBJDIR ".libs/"
#define SDL_BUILD_MAJOR_VERSION 2
#define SDL_BUILD_MINOR_VERSION 20
#define SDL_BUILD_MICRO_VERSION 1
#define PACKAGE "SDL2_ttf"
#define VERSION "2.20.1"
#define TTF_USE_HARFBUZZ 1
#define HAVE_CXX11 1
#define ALIGNOF_STRUCT_CHAR__ 1

configure: exit 0
