This file contains any messages produced by compilers while
running configure, to aid debugging if configure makes a mistake.

It was created by SDL2_image configure 2.6.3, which was
generated by GNU Autoconf 2.71.  Invocation command line was

  $ ./configure --prefix=/info/etu/l2info/s2101106/SDL2

## --------- ##
## Platform. ##
## --------- ##

hostname = ic2s114-07.univ-lemans.fr
uname -m = x86_64
uname -r = 5.15.0-48-generic
uname -s = Linux
uname -v = #54~20.04.1-Ubuntu SMP Thu Sep 1 16:17:26 UTC 2022

/usr/bin/uname -p = x86_64
/bin/uname -X     = unknown

/bin/arch              = x86_64
/usr/bin/arch -k       = unknown
/usr/convex/getsysinfo = unknown
/usr/bin/hostinfo      = unknown
/bin/machine           = unknown
/usr/bin/oslevel       = unknown
/bin/universe          = unknown

PATH: /info/etu/l2info/s2101106/SDL2/bin/
PATH: /opt/maven/bin/
PATH: /usr/local/sbin/
PATH: /usr/local/bin/
PATH: /usr/sbin/
PATH: /usr/bin/
PATH: /sbin/
PATH: /bin/
PATH: /usr/games/
PATH: /usr/local/games/
PATH: /snap/bin/


## ----------- ##
## Core tests. ##
## ----------- ##

configure:2748: looking for aux files: missing install-sh compile config.guess config.sub ltmain.sh
configure:2761:  trying ./
configure:2790:   ./missing found
configure:2772:   ./install-sh found
configure:2790:   ./compile found
configure:2790:   ./config.guess found
configure:2790:   ./config.sub found
configure:2790:   ./ltmain.sh found
configure:2954: checking build system type
configure:2969: result: x86_64-pc-linux-gnu
configure:2989: checking host system type
configure:3003: result: x86_64-pc-linux-gnu
configure:3089: checking for gcc
configure:3110: found /usr/bin/gcc
configure:3121: result: gcc
configure:3474: checking for C compiler version
configure:3483: gcc --version >&5
gcc (Ubuntu 9.4.0-1ubuntu1~20.04.1) 9.4.0
Copyright (C) 2019 Free Software Foundation, Inc.
This is free software; see the source for copying conditions.  There is NO
warranty; not even for MERCHANTABILITY or FITNESS FOR A PARTICULAR PURPOSE.

configure:3494: $? = 0
configure:3483: gcc -v >&5
Using built-in specs.
COLLECT_GCC=gcc
COLLECT_LTO_WRAPPER=/usr/lib/gcc/x86_64-linux-gnu/9/lto-wrapper
OFFLOAD_TARGET_NAMES=nvptx-none:hsa
OFFLOAD_TARGET_DEFAULT=1
Target: x86_64-linux-gnu
Configured with: ../src/configure -v --with-pkgversion='Ubuntu 9.4.0-1ubuntu1~20.04.1' --with-bugurl=file:///usr/share/doc/gcc-9/README.Bugs --enable-languages=c,ada,c++,go,brig,d,fortran,objc,obj-c++,gm2 --prefix=/usr --with-gcc-major-version-only --program-suffix=-9 --program-prefix=x86_64-linux-gnu- --enable-shared --enable-linker-build-id --libexecdir=/usr/lib --without-included-gettext --enable-threads=posix --libdir=/usr/lib --enable-nls --enable-clocale=gnu --enable-libstdcxx-debug --enable-libstdcxx-time=yes --with-default-libstdcxx-abi=new --enable-gnu-unique-object --disable-vtable-verify --enable-plugin --enable-default-pie --with-system-zlib --with-target-system-zlib=auto --enable-objc-gc=auto --enable-multiarch --disable-werror --with-arch-32=i686 --with-abi=m64 --with-multilib-list=m32,m64,mx32 --enable-multilib --with-tune=generic --enable-offload-targets=nvptx-none=/build/gcc-9-Av3uEd/gcc-9-9.4.0/debian/tmp-nvptx/usr,hsa --without-cuda-driver --enable-checking=release --build=x86_64-linux-gnu --host=x86_64-linux-gnu --target=x86_64-linux-gnu
Thread model: posix
gcc version 9.4.0 (Ubuntu 9.4.0-1ubuntu1~20.04.1) 
configure:3494: $? = 0
configure:3483: gcc -V >&5
gcc: error: unrecognized command line option '-V'
gcc: fatal error: no input files
compilation terminated.
configure:3494: $? = 1
configure:3483: gcc -qversion >&5
gcc: error: unrecognized command line option '-qversion'; did you mean '--version'?
gcc: fatal error: no input files
compilation terminated.
configure:3494: $? = 1
configure:3483: gcc -version >&5
gcc: error: unrecognized command line option '-version'
gcc: fatal error: no input files
compilation terminated.
configure:3494: $? = 1
configure:3514: checking whether the C compiler works
configure:3536: gcc    conftest.c  >&5
configure:3540: $? = 0
configure:3590: result: yes
configure:3593: checking for C compiler default output file name
configure:3595: result: a.out
configure:3601: checking for suffix of executables
configure:3608: gcc -o conftest    conftest.c  >&5
configure:3612: $? = 0
configure:3635: result: 
configure:3657: checking whether we are cross compiling
configure:3665: gcc -o conftest    conftest.c  >&5
configure:3669: $? = 0
configure:3676: ./conftest
configure:3680: $? = 0
configure:3668: result: no
configure:3673: checking for suffix of object files
configure:3696: gcc -c   conftest.c >&5
configure:3700: $? = 0
configure:3722: result: o
configure:3726: checking whether the compiler supports GNU C
configure:3746: gcc -c   conftest.c >&5
configure:3746: $? = 0
configure:3756: result: yes
configure:3767: checking whether gcc accepts -g
configure:3788: gcc -c -g  conftest.c >&5
configure:3788: $? = 0
configure:3832: result: yes
configure:3852: checking for gcc option to enable C11 features
configure:3867: gcc  -c -g -O2  conftest.c >&5
configure:3867: $? = 0
configure:3885: result: none needed
configure:4001: checking whether gcc understands -c and -o together
configure:4024: gcc -c conftest.c -o conftest2.o
configure:4027: $? = 0
configure:4024: gcc -c conftest.c -o conftest2.o
configure:4027: $? = 0
configure:4039: result: yes
configure:4056: checking for a sed that does not truncate output
configure:4126: result: /usr/bin/sed
configure:4144: checking for grep that handles long lines and -e
configure:4208: result: /usr/bin/grep
configure:4213: checking for egrep
configure:4281: result: /usr/bin/grep -E
configure:4286: checking for fgrep
configure:4354: result: /usr/bin/grep -F
configure:4390: checking for ld used by gcc
configure:4458: result: /usr/bin/ld
configure:4465: checking if the linker (/usr/bin/ld) is GNU ld
configure:4481: result: yes
configure:4493: checking for BSD- or MS-compatible name lister (nm)
configure:4543: result: /usr/bin/nm -B
configure:4671: checking the name lister (/usr/bin/nm -B) interface
configure:4710: gcc -c -g -O2  conftest.c >&5
configure:4713: /usr/bin/nm -B "conftest.o"
configure:4716: output
0000000000000000 B some_variable
configure:4686: result: BSD nm
configure:4689: checking whether ln -s works
configure:4693: result: yes
configure:4701: checking the maximum length of command line arguments
configure:4828: result: 1572864
configure:4845: checking whether the shell understands some XSI constructs
configure:4854: result: yes
configure:4858: checking whether the shell understands "+="
configure:4862: result: yes
configure:4897: checking for /usr/bin/ld option to reload object files
configure:4905: result: -r
configure:4979: checking for objdump
configure:5000: found /usr/bin/objdump
configure:5011: result: objdump
configure:5040: checking how to recognize dependent libraries
configure:5242: result: pass_all
configure:5307: checking for ar
configure:5328: found /usr/bin/ar
configure:5339: result: ar
configure:5422: checking for strip
configure:5443: found /usr/bin/strip
configure:5454: result: strip
configure:5531: checking for ranlib
configure:5552: found /usr/bin/ranlib
configure:5563: result: ranlib
configure:5653: checking command to parse /usr/bin/nm -B output from gcc object
configure:5772: gcc -c -g -O2  conftest.c >&5
configure:5775: $? = 0
configure:5779: /usr/bin/nm -B conftest.o \| sed -n -e 's/^.*[	 ]\([ABCDGIRSTW][ABCDGIRSTW]*\)[	 ][	 ]*\([_A-Za-z][_A-Za-z0-9]*\)$/\1 \2 \2/p' \> conftest.nm
configure:5782: $? = 0
configure:5836: gcc -o conftest -g -O2   conftest.c conftstm.o >&5
configure:5839: $? = 0
configure:5877: result: ok
configure:5974: gcc -c -g -O2  conftest.c >&5
configure:5977: $? = 0
configure:6739: checking for stdio.h
configure:6739: gcc -c -g -O2  conftest.c >&5
configure:6739: $? = 0
configure:6739: result: yes
configure:6739: checking for stdlib.h
configure:6739: gcc -c -g -O2  conftest.c >&5
configure:6739: $? = 0
configure:6739: result: yes
configure:6739: checking for string.h
configure:6739: gcc -c -g -O2  conftest.c >&5
configure:6739: $? = 0
configure:6739: result: yes
configure:6739: checking for inttypes.h
configure:6739: gcc -c -g -O2  conftest.c >&5
configure:6739: $? = 0
configure:6739: result: yes
configure:6739: checking for stdint.h
configure:6739: gcc -c -g -O2  conftest.c >&5
configure:6739: $? = 0
configure:6739: result: yes
configure:6739: checking for strings.h
configure:6739: gcc -c -g -O2  conftest.c >&5
configure:6739: $? = 0
configure:6739: result: yes
configure:6739: checking for sys/stat.h
configure:6739: gcc -c -g -O2  conftest.c >&5
configure:6739: $? = 0
configure:6739: result: yes
configure:6739: checking for sys/types.h
configure:6739: gcc -c -g -O2  conftest.c >&5
configure:6739: $? = 0
configure:6739: result: yes
configure:6739: checking for unistd.h
configure:6739: gcc -c -g -O2  conftest.c >&5
configure:6739: $? = 0
configure:6739: result: yes
configure:6764: checking for dlfcn.h
configure:6764: gcc -c -g -O2  conftest.c >&5
configure:6764: $? = 0
configure:6764: result: yes
configure:7277: checking for objdir
configure:7293: result: .libs
configure:7589: checking if gcc supports -fno-rtti -fno-exceptions
configure:7648: gcc -c -g -O2  -fno-rtti -fno-exceptions conftest.c >&5
cc1: warning: command line option '-fno-rtti' is valid for C++/D/ObjC++ but not for C
configure:7652: $? = 0
configure:7625: result: no
configure:7645: checking for gcc option to produce PIC
configure:7927: result: -fPIC -DPIC
configure:7939: checking if gcc PIC flag -fPIC -DPIC works
configure:7998: gcc -c -g -O2  -fPIC -DPIC -DPIC conftest.c >&5
configure:8002: $? = 0
configure:7975: result: yes
configure:7999: checking if gcc static flag -static works
configure:8028: result: yes
configure:8043: checking if gcc supports -c -o file.o
configure:8105: gcc -c -g -O2  -o out/conftest2.o conftest.c >&5
configure:8109: $? = 0
configure:8091: result: yes
configure:8099: checking if gcc supports -c -o file.o
configure:8147: result: yes
configure:8180: checking whether the gcc linker (/usr/bin/ld -m elf_x86_64) supports shared libraries
configure:9214: result: yes
configure:9251: checking whether -lc should be explicitly linked in
configure:9256: gcc -c -g -O2  conftest.c >&5
configure:9259: $? = 0
configure:9274: gcc -shared conftest.o  -v -Wl,-soname -Wl,conftest -o conftest 2\>\&1 \| /usr/bin/grep  -lc  \>/dev/null 2\>\&1
configure:9277: $? = 0
configure:9289: result: no
configure:9453: checking dynamic linker characteristics
configure:9884: gcc -o conftest -g -O2   -Wl,-rpath -Wl,/foo conftest.c  >&5
configure:9884: $? = 0
configure:10129: result: GNU/Linux ld.so
configure:10231: checking how to hardcode library paths into programs
configure:10256: result: immediate
configure:10780: checking whether stripping libraries is possible
configure:10785: result: yes
configure:10820: checking if libtool supports shared libraries
configure:10822: result: yes
configure:10825: checking whether to build shared libraries
configure:10846: result: yes
configure:10849: checking whether to build static libraries
configure:10853: result: yes
configure:8145: checking for a BSD-compatible install
configure:8218: result: /usr/bin/install -c
configure:8229: checking whether build environment is sane
configure:8284: result: yes
configure:8437: checking for a race-free mkdir -p
configure:8481: result: /usr/bin/mkdir -p
configure:8488: checking for gawk
configure:8523: result: no
configure:8488: checking for mawk
configure:8509: found /usr/bin/mawk
configure:8520: result: mawk
configure:8531: checking whether make sets $(MAKE)
configure:8554: result: yes
configure:8576: checking whether make supports the include directive
configure:8591: make -f confmf.GNU && cat confinc.out
this is the am__doit target
configure:8594: $? = 0
configure:8613: result: yes (GNU style)
configure:8648: checking whether make supports nested variables
configure:8666: result: yes
configure:8751: checking whether UID '21001106' is supported by ustar format
configure:8760: result: no
configure:8764: checking whether GID '666' is supported by ustar format
configure:8770: result: yes
configure:8778: checking how to create a ustar tar archive
configure:8832: tardir=conftest.dir && eval false >conftest.tar
configure:8835: $? = 1
configure:8861: result: none
configure:8870: checking dependency style of gcc
configure:8982: result: gcc3
configure:9108: checking for gcc
configure:9140: result: gcc
configure:9493: checking for C compiler version
configure:9502: gcc --version >&5
gcc (Ubuntu 9.4.0-1ubuntu1~20.04.1) 9.4.0
Copyright (C) 2019 Free Software Foundation, Inc.
This is free software; see the source for copying conditions.  There is NO
warranty; not even for MERCHANTABILITY or FITNESS FOR A PARTICULAR PURPOSE.

configure:9513: $? = 0
configure:9502: gcc -v >&5
Using built-in specs.
COLLECT_GCC=gcc
COLLECT_LTO_WRAPPER=/usr/lib/gcc/x86_64-linux-gnu/9/lto-wrapper
OFFLOAD_TARGET_NAMES=nvptx-none:hsa
OFFLOAD_TARGET_DEFAULT=1
Target: x86_64-linux-gnu
Configured with: ../src/configure -v --with-pkgversion='Ubuntu 9.4.0-1ubuntu1~20.04.1' --with-bugurl=file:///usr/share/doc/gcc-9/README.Bugs --enable-languages=c,ada,c++,go,brig,d,fortran,objc,obj-c++,gm2 --prefix=/usr --with-gcc-major-version-only --program-suffix=-9 --program-prefix=x86_64-linux-gnu- --enable-shared --enable-linker-build-id --libexecdir=/usr/lib --without-included-gettext --enable-threads=posix --libdir=/usr/lib --enable-nls --enable-clocale=gnu --enable-libstdcxx-debug --enable-libstdcxx-time=yes --with-default-libstdcxx-abi=new --enable-gnu-unique-object --disable-vtable-verify --enable-plugin --enable-default-pie --with-system-zlib --with-target-system-zlib=auto --enable-objc-gc=auto --enable-multiarch --disable-werror --with-arch-32=i686 --with-abi=m64 --with-multilib-list=m32,m64,mx32 --enable-multilib --with-tune=generic --enable-offload-targets=nvptx-none=/build/gcc-9-Av3uEd/gcc-9-9.4.0/debian/tmp-nvptx/usr,hsa --without-cuda-driver --enable-checking=release --build=x86_64-linux-gnu --host=x86_64-linux-gnu --target=x86_64-linux-gnu
Thread model: posix
gcc version 9.4.0 (Ubuntu 9.4.0-1ubuntu1~20.04.1) 
configure:9513: $? = 0
configure:9502: gcc -V >&5
gcc: error: unrecognized command line option '-V'
gcc: fatal error: no input files
compilation terminated.
configure:9513: $? = 1
configure:9502: gcc -qversion >&5
gcc: error: unrecognized command line option '-qversion'; did you mean '--version'?
gcc: fatal error: no input files
compilation terminated.
configure:9513: $? = 1
configure:9502: gcc -version >&5
gcc: error: unrecognized command line option '-version'
gcc: fatal error: no input files
compilation terminated.
configure:9513: $? = 1
configure:9517: checking whether the compiler supports GNU C
configure:9547: result: yes
configure:9558: checking whether gcc accepts -g
configure:9623: result: yes
configure:9643: checking for gcc option to enable C11 features
configure:9676: result: none needed
configure:9792: checking whether gcc understands -c and -o together
configure:9830: result: yes
configure:9906: checking for gcc
configure:9927: found /usr/bin/gcc
configure:9938: result: gcc
configure:9963: checking for Objective C compiler version
configure:9972: gcc --version >&5
gcc (Ubuntu 9.4.0-1ubuntu1~20.04.1) 9.4.0
Copyright (C) 2019 Free Software Foundation, Inc.
This is free software; see the source for copying conditions.  There is NO
warranty; not even for MERCHANTABILITY or FITNESS FOR A PARTICULAR PURPOSE.

configure:9983: $? = 0
configure:9972: gcc -v >&5
Using built-in specs.
COLLECT_GCC=gcc
COLLECT_LTO_WRAPPER=/usr/lib/gcc/x86_64-linux-gnu/9/lto-wrapper
OFFLOAD_TARGET_NAMES=nvptx-none:hsa
OFFLOAD_TARGET_DEFAULT=1
Target: x86_64-linux-gnu
Configured with: ../src/configure -v --with-pkgversion='Ubuntu 9.4.0-1ubuntu1~20.04.1' --with-bugurl=file:///usr/share/doc/gcc-9/README.Bugs --enable-languages=c,ada,c++,go,brig,d,fortran,objc,obj-c++,gm2 --prefix=/usr --with-gcc-major-version-only --program-suffix=-9 --program-prefix=x86_64-linux-gnu- --enable-shared --enable-linker-build-id --libexecdir=/usr/lib --without-included-gettext --enable-threads=posix --libdir=/usr/lib --enable-nls --enable-clocale=gnu --enable-libstdcxx-debug --enable-libstdcxx-time=yes --with-default-libstdcxx-abi=new --enable-gnu-unique-object --disable-vtable-verify --enable-plugin --enable-default-pie --with-system-zlib --with-target-system-zlib=auto --enable-objc-gc=auto --enable-multiarch --disable-werror --with-arch-32=i686 --with-abi=m64 --with-multilib-list=m32,m64,mx32 --enable-multilib --with-tune=generic --enable-offload-targets=nvptx-none=/build/gcc-9-Av3uEd/gcc-9-9.4.0/debian/tmp-nvptx/usr,hsa --without-cuda-driver --enable-checking=release --build=x86_64-linux-gnu --host=x86_64-linux-gnu --target=x86_64-linux-gnu
Thread model: posix
gcc version 9.4.0 (Ubuntu 9.4.0-1ubuntu1~20.04.1) 
configure:9983: $? = 0
configure:9972: gcc -V >&5
gcc: error: unrecognized command line option '-V'
gcc: fatal error: no input files
compilation terminated.
configure:9983: $? = 1
configure:9972: gcc -qversion >&5
gcc: error: unrecognized command line option '-qversion'; did you mean '--version'?
gcc: fatal error: no input files
compilation terminated.
configure:9983: $? = 1
configure:9987: checking whether the compiler supports GNU Objective C
configure:10007: gcc -c   conftest.m >&5
gcc: fatal error: cannot execute 'cc1obj': execvp: No such file or directory
compilation terminated.
configure:10007: $? = 1
configure: failed program was:
| /* confdefs.h */
| #define PACKAGE_NAME "SDL2_image"
| #define PACKAGE_TARNAME "SDL2_image"
| #define PACKAGE_VERSION "2.6.3"
| #define PACKAGE_STRING "SDL2_image 2.6.3"
| #define PACKAGE_BUGREPORT "https://github.com/libsdl-org/SDL_image/issues"
| #define PACKAGE_URL ""
| #define HAVE_STDIO_H 1
| #define HAVE_STDLIB_H 1
| #define HAVE_STRING_H 1
| #define HAVE_INTTYPES_H 1
| #define HAVE_STDINT_H 1
| #define HAVE_STRINGS_H 1
| #define HAVE_SYS_STAT_H 1
| #define HAVE_SYS_TYPES_H 1
| #define HAVE_UNISTD_H 1
| #define STDC_HEADERS 1
| #define HAVE_DLFCN_H 1
| #define LT_OBJDIR ".libs/"
| #define SDL_BUILD_MAJOR_VERSION 2
| #define SDL_BUILD_MINOR_VERSION 6
| #define SDL_BUILD_MICRO_VERSION 3
| #define PACKAGE "SDL2_image"
| #define VERSION "2.6.3"
| /* end confdefs.h.  */
| 
| int
| main (void)
| {
| #ifndef __GNUC__
|        choke me
| #endif
| 
|   ;
|   return 0;
| }
configure:10017: result: no
configure:10028: checking whether gcc accepts -g
configure:10049: gcc -c -g  conftest.m >&5
gcc: fatal error: cannot execute 'cc1obj': execvp: No such file or directory
compilation terminated.
configure:10049: $? = 1
configure: failed program was:
| /* confdefs.h */
| #define PACKAGE_NAME "SDL2_image"
| #define PACKAGE_TARNAME "SDL2_image"
| #define PACKAGE_VERSION "2.6.3"
| #define PACKAGE_STRING "SDL2_image 2.6.3"
| #define PACKAGE_BUGREPORT "https://github.com/libsdl-org/SDL_image/issues"
| #define PACKAGE_URL ""
| #define HAVE_STDIO_H 1
| #define HAVE_STDLIB_H 1
| #define HAVE_STRING_H 1
| #define HAVE_INTTYPES_H 1
| #define HAVE_STDINT_H 1
| #define HAVE_STRINGS_H 1
| #define HAVE_SYS_STAT_H 1
| #define HAVE_SYS_TYPES_H 1
| #define HAVE_UNISTD_H 1
| #define STDC_HEADERS 1
| #define HAVE_DLFCN_H 1
| #define LT_OBJDIR ".libs/"
| #define SDL_BUILD_MAJOR_VERSION 2
| #define SDL_BUILD_MINOR_VERSION 6
| #define SDL_BUILD_MICRO_VERSION 3
| #define PACKAGE "SDL2_image"
| #define VERSION "2.6.3"
| /* end confdefs.h.  */
| 
| int
| main (void)
| {
| 
|   ;
|   return 0;
| }
configure:10065: gcc -c   conftest.m >&5
gcc: fatal error: cannot execute 'cc1obj': execvp: No such file or directory
compilation terminated.
configure:10065: $? = 1
configure: failed program was:
| /* confdefs.h */
| #define PACKAGE_NAME "SDL2_image"
| #define PACKAGE_TARNAME "SDL2_image"
| #define PACKAGE_VERSION "2.6.3"
| #define PACKAGE_STRING "SDL2_image 2.6.3"
| #define PACKAGE_BUGREPORT "https://github.com/libsdl-org/SDL_image/issues"
| #define PACKAGE_URL ""
| #define HAVE_STDIO_H 1
| #define HAVE_STDLIB_H 1
| #define HAVE_STRING_H 1
| #define HAVE_INTTYPES_H 1
| #define HAVE_STDINT_H 1
| #define HAVE_STRINGS_H 1
| #define HAVE_SYS_STAT_H 1
| #define HAVE_SYS_TYPES_H 1
| #define HAVE_UNISTD_H 1
| #define STDC_HEADERS 1
| #define HAVE_DLFCN_H 1
| #define LT_OBJDIR ".libs/"
| #define SDL_BUILD_MAJOR_VERSION 2
| #define SDL_BUILD_MINOR_VERSION 6
| #define SDL_BUILD_MICRO_VERSION 3
| #define PACKAGE "SDL2_image"
| #define VERSION "2.6.3"
| /* end confdefs.h.  */
| 
| int
| main (void)
| {
| 
|   ;
|   return 0;
| }
configure:10082: gcc -c -g  conftest.m >&5
gcc: fatal error: cannot execute 'cc1obj': execvp: No such file or directory
compilation terminated.
configure:10082: $? = 1
configure: failed program was:
| /* confdefs.h */
| #define PACKAGE_NAME "SDL2_image"
| #define PACKAGE_TARNAME "SDL2_image"
| #define PACKAGE_VERSION "2.6.3"
| #define PACKAGE_STRING "SDL2_image 2.6.3"
| #define PACKAGE_BUGREPORT "https://github.com/libsdl-org/SDL_image/issues"
| #define PACKAGE_URL ""
| #define HAVE_STDIO_H 1
| #define HAVE_STDLIB_H 1
| #define HAVE_STRING_H 1
| #define HAVE_INTTYPES_H 1
| #define HAVE_STDINT_H 1
| #define HAVE_STRINGS_H 1
| #define HAVE_SYS_STAT_H 1
| #define HAVE_SYS_TYPES_H 1
| #define HAVE_UNISTD_H 1
| #define STDC_HEADERS 1
| #define HAVE_DLFCN_H 1
| #define LT_OBJDIR ".libs/"
| #define SDL_BUILD_MAJOR_VERSION 2
| #define SDL_BUILD_MINOR_VERSION 6
| #define SDL_BUILD_MICRO_VERSION 3
| #define PACKAGE "SDL2_image"
| #define VERSION "2.6.3"
| /* end confdefs.h.  */
| 
| int
| main (void)
| {
| 
|   ;
|   return 0;
| }
configure:10093: result: no
configure:10118: checking dependency style of gcc
configure:10228: result: gcc3
configure:10291: checking for windres
configure:10326: result: no
configure:10346: checking whether make sets $(MAKE)
configure:10369: result: yes
configure:10437: checking for pkg-config
configure:10460: found /usr/bin/pkg-config
configure:10472: result: /usr/bin/pkg-config
configure:10497: checking pkg-config is at least version 0.9.0
configure:10500: result: yes
configure:10997: checking for sdl2 >= 2.0.9
configure:11004: $PKG_CONFIG --exists --print-errors "sdl2 >= $min_sdl_version"
configure:11007: $? = 0
configure:11021: $PKG_CONFIG --exists --print-errors "sdl2 >= $min_sdl_version"
configure:11024: $? = 0
configure:11062: result: yes
configure:11315: checking for libavif
configure:11322: $PKG_CONFIG --exists --print-errors "libavif"
Package libavif was not found in the pkg-config search path.
Perhaps you should add the directory containing `libavif.pc'
to the PKG_CONFIG_PATH environment variable
No package 'libavif' found
configure:11325: $? = 1
configure:11339: $PKG_CONFIG --exists --print-errors "libavif"
Package libavif was not found in the pkg-config search path.
Perhaps you should add the directory containing `libavif.pc'
to the PKG_CONFIG_PATH environment variable
No package 'libavif' found
configure:11342: $? = 1
configure:11356: result: no
No package 'libavif' found
configure:11372: checking for avif/avif.h
configure:11372: gcc -c -g -O2 -D_REENTRANT -I/usr/include/SDL2  conftest.c >&5
conftest.c:55:10: fatal error: avif/avif.h: No such file or directory
   55 | #include <avif/avif.h>
      |          ^~~~~~~~~~~~~
compilation terminated.
configure:11372: $? = 1
configure: failed program was:
| /* confdefs.h */
| #define PACKAGE_NAME "SDL2_image"
| #define PACKAGE_TARNAME "SDL2_image"
| #define PACKAGE_VERSION "2.6.3"
| #define PACKAGE_STRING "SDL2_image 2.6.3"
| #define PACKAGE_BUGREPORT "https://github.com/libsdl-org/SDL_image/issues"
| #define PACKAGE_URL ""
| #define HAVE_STDIO_H 1
| #define HAVE_STDLIB_H 1
| #define HAVE_STRING_H 1
| #define HAVE_INTTYPES_H 1
| #define HAVE_STDINT_H 1
| #define HAVE_STRINGS_H 1
| #define HAVE_SYS_STAT_H 1
| #define HAVE_SYS_TYPES_H 1
| #define HAVE_UNISTD_H 1
| #define STDC_HEADERS 1
| #define HAVE_DLFCN_H 1
| #define LT_OBJDIR ".libs/"
| #define SDL_BUILD_MAJOR_VERSION 2
| #define SDL_BUILD_MINOR_VERSION 6
| #define SDL_BUILD_MICRO_VERSION 3
| #define PACKAGE "SDL2_image"
| #define VERSION "2.6.3"
| #define USE_STBIMAGE 1
| /* end confdefs.h.  */
| #include <stddef.h>
| #ifdef HAVE_STDIO_H
| # include <stdio.h>
| #endif
| #ifdef HAVE_STDLIB_H
| # include <stdlib.h>
| #endif
| #ifdef HAVE_STRING_H
| # include <string.h>
| #endif
| #ifdef HAVE_INTTYPES_H
| # include <inttypes.h>
| #endif
| #ifdef HAVE_STDINT_H
| # include <stdint.h>
| #endif
| #ifdef HAVE_STRINGS_H
| # include <strings.h>
| #endif
| #ifdef HAVE_SYS_TYPES_H
| # include <sys/types.h>
| #endif
| #ifdef HAVE_SYS_STAT_H
| # include <sys/stat.h>
| #endif
| #ifdef HAVE_UNISTD_H
| # include <unistd.h>
| #endif
| #include <avif/avif.h>
configure:11372: result: no
configure:11381: checking for avifVersion in -lavif
configure:11404: gcc -o conftest -g -O2 -D_REENTRANT -I/usr/include/SDL2   conftest.c -lavif   -lSDL2 >&5
/usr/bin/ld: cannot find -lavif
collect2: error: ld returned 1 exit status
configure:11404: $? = 1
configure: failed program was:
| /* confdefs.h */
| #define PACKAGE_NAME "SDL2_image"
| #define PACKAGE_TARNAME "SDL2_image"
| #define PACKAGE_VERSION "2.6.3"
| #define PACKAGE_STRING "SDL2_image 2.6.3"
| #define PACKAGE_BUGREPORT "https://github.com/libsdl-org/SDL_image/issues"
| #define PACKAGE_URL ""
| #define HAVE_STDIO_H 1
| #define HAVE_STDLIB_H 1
| #define HAVE_STRING_H 1
| #define HAVE_INTTYPES_H 1
| #define HAVE_STDINT_H 1
| #define HAVE_STRINGS_H 1
| #define HAVE_SYS_STAT_H 1
| #define HAVE_SYS_TYPES_H 1
| #define HAVE_UNISTD_H 1
| #define STDC_HEADERS 1
| #define HAVE_DLFCN_H 1
| #define LT_OBJDIR ".libs/"
| #define SDL_BUILD_MAJOR_VERSION 2
| #define SDL_BUILD_MINOR_VERSION 6
| #define SDL_BUILD_MICRO_VERSION 3
| #define PACKAGE "SDL2_image"
| #define VERSION "2.6.3"
| #define USE_STBIMAGE 1
| /* end confdefs.h.  */
| 
| /* Override any GCC internal prototype to avoid an error.
|    Use char because int might match the return type of a GCC
|    builtin and then its argument prototype would still apply.  */
| char avifVersion ();
| int
| main (void)
| {
| return avifVersion ();
|   ;
|   return 0;
| }
configure:11414: result: no
configure:11513: WARNING: *** Unable to find AVIF library (https://github.com/AOMediaCodec/libavif)
configure:11515: WARNING: AVIF image loading disabled
configure:11749: checking for libjxl
configure:11756: $PKG_CONFIG --exists --print-errors "libjxl"
Package libjxl was not found in the pkg-config search path.
Perhaps you should add the directory containing `libjxl.pc'
to the PKG_CONFIG_PATH environment variable
No package 'libjxl' found
configure:11759: $? = 1
configure:11773: $PKG_CONFIG --exists --print-errors "libjxl"
Package libjxl was not found in the pkg-config search path.
Perhaps you should add the directory containing `libjxl.pc'
to the PKG_CONFIG_PATH environment variable
No package 'libjxl' found
configure:11776: $? = 1
configure:11790: result: no
No package 'libjxl' found
configure:11806: checking for jxl/decode.h
configure:11806: gcc -c -g -O2 -D_REENTRANT -I/usr/include/SDL2  conftest.c >&5
conftest.c:56:10: fatal error: jxl/decode.h: No such file or directory
   56 | #include <jxl/decode.h>
      |          ^~~~~~~~~~~~~~
compilation terminated.
configure:11806: $? = 1
configure: failed program was:
| /* confdefs.h */
| #define PACKAGE_NAME "SDL2_image"
| #define PACKAGE_TARNAME "SDL2_image"
| #define PACKAGE_VERSION "2.6.3"
| #define PACKAGE_STRING "SDL2_image 2.6.3"
| #define PACKAGE_BUGREPORT "https://github.com/libsdl-org/SDL_image/issues"
| #define PACKAGE_URL ""
| #define HAVE_STDIO_H 1
| #define HAVE_STDLIB_H 1
| #define HAVE_STRING_H 1
| #define HAVE_INTTYPES_H 1
| #define HAVE_STDINT_H 1
| #define HAVE_STRINGS_H 1
| #define HAVE_SYS_STAT_H 1
| #define HAVE_SYS_TYPES_H 1
| #define HAVE_UNISTD_H 1
| #define STDC_HEADERS 1
| #define HAVE_DLFCN_H 1
| #define LT_OBJDIR ".libs/"
| #define SDL_BUILD_MAJOR_VERSION 2
| #define SDL_BUILD_MINOR_VERSION 6
| #define SDL_BUILD_MICRO_VERSION 3
| #define PACKAGE "SDL2_image"
| #define VERSION "2.6.3"
| #define USE_STBIMAGE 1
| #define LOAD_JPG 1
| /* end confdefs.h.  */
| #include <stddef.h>
| #ifdef HAVE_STDIO_H
| # include <stdio.h>
| #endif
| #ifdef HAVE_STDLIB_H
| # include <stdlib.h>
| #endif
| #ifdef HAVE_STRING_H
| # include <string.h>
| #endif
| #ifdef HAVE_INTTYPES_H
| # include <inttypes.h>
| #endif
| #ifdef HAVE_STDINT_H
| # include <stdint.h>
| #endif
| #ifdef HAVE_STRINGS_H
| # include <strings.h>
| #endif
| #ifdef HAVE_SYS_TYPES_H
| # include <sys/types.h>
| #endif
| #ifdef HAVE_SYS_STAT_H
| # include <sys/stat.h>
| #endif
| #ifdef HAVE_UNISTD_H
| # include <unistd.h>
| #endif
| #include <jxl/decode.h>
configure:11806: result: no
configure:11815: checking for JxlSignatureCheck in -ljxl
configure:11838: gcc -o conftest -g -O2 -D_REENTRANT -I/usr/include/SDL2   conftest.c -ljxl   -lSDL2 >&5
/usr/bin/ld: cannot find -ljxl
collect2: error: ld returned 1 exit status
configure:11838: $? = 1
configure: failed program was:
| /* confdefs.h */
| #define PACKAGE_NAME "SDL2_image"
| #define PACKAGE_TARNAME "SDL2_image"
| #define PACKAGE_VERSION "2.6.3"
| #define PACKAGE_STRING "SDL2_image 2.6.3"
| #define PACKAGE_BUGREPORT "https://github.com/libsdl-org/SDL_image/issues"
| #define PACKAGE_URL ""
| #define HAVE_STDIO_H 1
| #define HAVE_STDLIB_H 1
| #define HAVE_STRING_H 1
| #define HAVE_INTTYPES_H 1
| #define HAVE_STDINT_H 1
| #define HAVE_STRINGS_H 1
| #define HAVE_SYS_STAT_H 1
| #define HAVE_SYS_TYPES_H 1
| #define HAVE_UNISTD_H 1
| #define STDC_HEADERS 1
| #define HAVE_DLFCN_H 1
| #define LT_OBJDIR ".libs/"
| #define SDL_BUILD_MAJOR_VERSION 2
| #define SDL_BUILD_MINOR_VERSION 6
| #define SDL_BUILD_MICRO_VERSION 3
| #define PACKAGE "SDL2_image"
| #define VERSION "2.6.3"
| #define USE_STBIMAGE 1
| #define LOAD_JPG 1
| /* end confdefs.h.  */
| 
| /* Override any GCC internal prototype to avoid an error.
|    Use char because int might match the return type of a GCC
|    builtin and then its argument prototype would still apply.  */
| char JxlSignatureCheck ();
| int
| main (void)
| {
| return JxlSignatureCheck ();
|   ;
|   return 0;
| }
configure:11848: result: no
configure:11947: WARNING: *** Unable to find JXL library (https://jpegxl.info/)
configure:11949: WARNING: JXL image loading disabled
configure:12181: checking for libtiff-4
configure:12188: $PKG_CONFIG --exists --print-errors "libtiff-4"
Package libtiff-4 was not found in the pkg-config search path.
Perhaps you should add the directory containing `libtiff-4.pc'
to the PKG_CONFIG_PATH environment variable
No package 'libtiff-4' found
configure:12191: $? = 1
configure:12205: $PKG_CONFIG --exists --print-errors "libtiff-4"
Package libtiff-4 was not found in the pkg-config search path.
Perhaps you should add the directory containing `libtiff-4.pc'
to the PKG_CONFIG_PATH environment variable
No package 'libtiff-4' found
configure:12208: $? = 1
configure:12222: result: no
No package 'libtiff-4' found
configure:12238: checking for tiffio.h
configure:12238: gcc -c -g -O2 -D_REENTRANT -I/usr/include/SDL2  conftest.c >&5
conftest.c:57:10: fatal error: tiffio.h: No such file or directory
   57 | #include <tiffio.h>
      |          ^~~~~~~~~~
compilation terminated.
configure:12238: $? = 1
configure: failed program was:
| /* confdefs.h */
| #define PACKAGE_NAME "SDL2_image"
| #define PACKAGE_TARNAME "SDL2_image"
| #define PACKAGE_VERSION "2.6.3"
| #define PACKAGE_STRING "SDL2_image 2.6.3"
| #define PACKAGE_BUGREPORT "https://github.com/libsdl-org/SDL_image/issues"
| #define PACKAGE_URL ""
| #define HAVE_STDIO_H 1
| #define HAVE_STDLIB_H 1
| #define HAVE_STRING_H 1
| #define HAVE_INTTYPES_H 1
| #define HAVE_STDINT_H 1
| #define HAVE_STRINGS_H 1
| #define HAVE_SYS_STAT_H 1
| #define HAVE_SYS_TYPES_H 1
| #define HAVE_UNISTD_H 1
| #define STDC_HEADERS 1
| #define HAVE_DLFCN_H 1
| #define LT_OBJDIR ".libs/"
| #define SDL_BUILD_MAJOR_VERSION 2
| #define SDL_BUILD_MINOR_VERSION 6
| #define SDL_BUILD_MICRO_VERSION 3
| #define PACKAGE "SDL2_image"
| #define VERSION "2.6.3"
| #define USE_STBIMAGE 1
| #define LOAD_JPG 1
| #define LOAD_PNG 1
| /* end confdefs.h.  */
| #include <stddef.h>
| #ifdef HAVE_STDIO_H
| # include <stdio.h>
| #endif
| #ifdef HAVE_STDLIB_H
| # include <stdlib.h>
| #endif
| #ifdef HAVE_STRING_H
| # include <string.h>
| #endif
| #ifdef HAVE_INTTYPES_H
| # include <inttypes.h>
| #endif
| #ifdef HAVE_STDINT_H
| # include <stdint.h>
| #endif
| #ifdef HAVE_STRINGS_H
| # include <strings.h>
| #endif
| #ifdef HAVE_SYS_TYPES_H
| # include <sys/types.h>
| #endif
| #ifdef HAVE_SYS_STAT_H
| # include <sys/stat.h>
| #endif
| #ifdef HAVE_UNISTD_H
| # include <unistd.h>
| #endif
| #include <tiffio.h>
configure:12238: result: no
configure:12247: checking for TIFFClientOpen in -ltiff
configure:12270: gcc -o conftest -g -O2 -D_REENTRANT -I/usr/include/SDL2   conftest.c -ltiff -lz  -lSDL2 >&5
/usr/bin/ld: cannot find -ltiff
collect2: error: ld returned 1 exit status
configure:12270: $? = 1
configure: failed program was:
| /* confdefs.h */
| #define PACKAGE_NAME "SDL2_image"
| #define PACKAGE_TARNAME "SDL2_image"
| #define PACKAGE_VERSION "2.6.3"
| #define PACKAGE_STRING "SDL2_image 2.6.3"
| #define PACKAGE_BUGREPORT "https://github.com/libsdl-org/SDL_image/issues"
| #define PACKAGE_URL ""
| #define HAVE_STDIO_H 1
| #define HAVE_STDLIB_H 1
| #define HAVE_STRING_H 1
| #define HAVE_INTTYPES_H 1
| #define HAVE_STDINT_H 1
| #define HAVE_STRINGS_H 1
| #define HAVE_SYS_STAT_H 1
| #define HAVE_SYS_TYPES_H 1
| #define HAVE_UNISTD_H 1
| #define STDC_HEADERS 1
| #define HAVE_DLFCN_H 1
| #define LT_OBJDIR ".libs/"
| #define SDL_BUILD_MAJOR_VERSION 2
| #define SDL_BUILD_MINOR_VERSION 6
| #define SDL_BUILD_MICRO_VERSION 3
| #define PACKAGE "SDL2_image"
| #define VERSION "2.6.3"
| #define USE_STBIMAGE 1
| #define LOAD_JPG 1
| #define LOAD_PNG 1
| /* end confdefs.h.  */
| 
| /* Override any GCC internal prototype to avoid an error.
|    Use char because int might match the return type of a GCC
|    builtin and then its argument prototype would still apply.  */
| char TIFFClientOpen ();
| int
| main (void)
| {
| return TIFFClientOpen ();
|   ;
|   return 0;
| }
configure:12280: result: no
configure:12377: WARNING: *** Unable to find Tiff library (http://www.simplesystems.org/libtiff/)
configure:12379: WARNING: TIF image loading disabled
configure:12395: checking for libwebp
configure:12402: $PKG_CONFIG --exists --print-errors "lib$webplib"
Package libwebp was not found in the pkg-config search path.
Perhaps you should add the directory containing `libwebp.pc'
to the PKG_CONFIG_PATH environment variable
No package 'libwebp' found
configure:12405: $? = 1
configure:12419: $PKG_CONFIG --exists --print-errors "lib$webplib"
Package libwebp was not found in the pkg-config search path.
Perhaps you should add the directory containing `libwebp.pc'
to the PKG_CONFIG_PATH environment variable
No package 'libwebp' found
configure:12422: $? = 1
configure:12436: result: no
No package 'libwebp' found
configure:12452: checking for webp/decode.h
configure:12452: gcc -c -g -O2 -D_REENTRANT -I/usr/include/SDL2  conftest.c >&5
conftest.c:57:10: fatal error: webp/decode.h: No such file or directory
   57 | #include <webp/decode.h>
      |          ^~~~~~~~~~~~~~~
compilation terminated.
configure:12452: $? = 1
configure: failed program was:
| /* confdefs.h */
| #define PACKAGE_NAME "SDL2_image"
| #define PACKAGE_TARNAME "SDL2_image"
| #define PACKAGE_VERSION "2.6.3"
| #define PACKAGE_STRING "SDL2_image 2.6.3"
| #define PACKAGE_BUGREPORT "https://github.com/libsdl-org/SDL_image/issues"
| #define PACKAGE_URL ""
| #define HAVE_STDIO_H 1
| #define HAVE_STDLIB_H 1
| #define HAVE_STRING_H 1
| #define HAVE_INTTYPES_H 1
| #define HAVE_STDINT_H 1
| #define HAVE_STRINGS_H 1
| #define HAVE_SYS_STAT_H 1
| #define HAVE_SYS_TYPES_H 1
| #define HAVE_UNISTD_H 1
| #define STDC_HEADERS 1
| #define HAVE_DLFCN_H 1
| #define LT_OBJDIR ".libs/"
| #define SDL_BUILD_MAJOR_VERSION 2
| #define SDL_BUILD_MINOR_VERSION 6
| #define SDL_BUILD_MICRO_VERSION 3
| #define PACKAGE "SDL2_image"
| #define VERSION "2.6.3"
| #define USE_STBIMAGE 1
| #define LOAD_JPG 1
| #define LOAD_PNG 1
| /* end confdefs.h.  */
| #include <stddef.h>
| #ifdef HAVE_STDIO_H
| # include <stdio.h>
| #endif
| #ifdef HAVE_STDLIB_H
| # include <stdlib.h>
| #endif
| #ifdef HAVE_STRING_H
| # include <string.h>
| #endif
| #ifdef HAVE_INTTYPES_H
| # include <inttypes.h>
| #endif
| #ifdef HAVE_STDINT_H
| # include <stdint.h>
| #endif
| #ifdef HAVE_STRINGS_H
| # include <strings.h>
| #endif
| #ifdef HAVE_SYS_TYPES_H
| # include <sys/types.h>
| #endif
| #ifdef HAVE_SYS_STAT_H
| # include <sys/stat.h>
| #endif
| #ifdef HAVE_UNISTD_H
| # include <unistd.h>
| #endif
| #include <webp/decode.h>
configure:12452: result: no
configure:12462: checking for WebPGetDecoderVersion in -lwebp
configure:12485: gcc -o conftest -g -O2 -D_REENTRANT -I/usr/include/SDL2   conftest.c -lwebp -lm  -lSDL2 >&5
/usr/bin/ld: cannot find -lwebp
collect2: error: ld returned 1 exit status
configure:12485: $? = 1
configure: failed program was:
| /* confdefs.h */
| #define PACKAGE_NAME "SDL2_image"
| #define PACKAGE_TARNAME "SDL2_image"
| #define PACKAGE_VERSION "2.6.3"
| #define PACKAGE_STRING "SDL2_image 2.6.3"
| #define PACKAGE_BUGREPORT "https://github.com/libsdl-org/SDL_image/issues"
| #define PACKAGE_URL ""
| #define HAVE_STDIO_H 1
| #define HAVE_STDLIB_H 1
| #define HAVE_STRING_H 1
| #define HAVE_INTTYPES_H 1
| #define HAVE_STDINT_H 1
| #define HAVE_STRINGS_H 1
| #define HAVE_SYS_STAT_H 1
| #define HAVE_SYS_TYPES_H 1
| #define HAVE_UNISTD_H 1
| #define STDC_HEADERS 1
| #define HAVE_DLFCN_H 1
| #define LT_OBJDIR ".libs/"
| #define SDL_BUILD_MAJOR_VERSION 2
| #define SDL_BUILD_MINOR_VERSION 6
| #define SDL_BUILD_MICRO_VERSION 3
| #define PACKAGE "SDL2_image"
| #define VERSION "2.6.3"
| #define USE_STBIMAGE 1
| #define LOAD_JPG 1
| #define LOAD_PNG 1
| /* end confdefs.h.  */
| 
| /* Override any GCC internal prototype to avoid an error.
|    Use char because int might match the return type of a GCC
|    builtin and then its argument prototype would still apply.  */
| char WebPGetDecoderVersion ();
| int
| main (void)
| {
| return WebPGetDecoderVersion ();
|   ;
|   return 0;
| }
configure:12496: result: no
configure:12595: WARNING: *** Unable to find WEBP library (https://developers.google.com/speed/webp)
configure:12597: WARNING: WEBP image loading disabled
configure:10604: checking for linker option --no-undefined
configure:10624: gcc -o conftest -g -O2 -D_REENTRANT -I/usr/include/SDL2   -Wl,--no-undefined conftest.c  -lSDL2 >&5
configure:10624: $? = 0
configure:10634: result: yes
configure:10640: checking for GCC -Wall option
configure:10657: gcc -c -g -O2 -D_REENTRANT -I/usr/include/SDL2 -Wall  conftest.c >&5
configure:10657: $? = 0
configure:10662: result: yes
configure:10669: checking for necessary GCC -Wno-multichar option
configure:10677: result: no
configure:10687: checking for GCC -fvisibility=hidden option
configure:10716: gcc -c -g -O2 -D_REENTRANT -I/usr/include/SDL2 -Wall -fvisibility=hidden -Werror  conftest.c >&5
configure:10716: $? = 0
configure:10721: result: yes
configure:13085: checking that generated files are newer than configure
configure:13091: result: done
configure:13134: creating ./config.status

## ---------------------- ##
## Running config.status. ##
## ---------------------- ##

This file was extended by SDL2_image config.status 2.6.3, which was
generated by GNU Autoconf 2.71.  Invocation command line was

  CONFIG_FILES    = 
  CONFIG_HEADERS  = 
  CONFIG_LINKS    = 
  CONFIG_COMMANDS = 
  $ ./config.status 

on ic2s114-07.univ-lemans.fr

config.status:1058: creating Makefile
config.status:1058: creating sdl2_image-config.cmake
config.status:1058: creating sdl2_image-config-version.cmake
config.status:1058: creating SDL2_image.spec
config.status:1058: creating SDL2_image.pc
config.status:1058: creating test/Makefile
config.status:1230: executing libtool commands
config.status:1230: executing depfiles commands
config.status:1949: cd .       && sed -e '/# am--include-marker/d' Makefile         | make -f - am--depfiles
config.status:1954: $? = 0
config.status:1949: cd test       && sed -e '/# am--include-marker/d' Makefile         | make -f - am--depfiles
config.status:1954: $? = 0

## ---------------- ##
## Cache variables. ##
## ---------------- ##

ac_cv_build=x86_64-pc-linux-gnu
ac_cv_c_compiler_gnu=yes
ac_cv_env_CC_set=
ac_cv_env_CC_value=
ac_cv_env_CFLAGS_set=
ac_cv_env_CFLAGS_value=
ac_cv_env_CPPFLAGS_set=
ac_cv_env_CPPFLAGS_value=
ac_cv_env_LDFLAGS_set=
ac_cv_env_LDFLAGS_value=
ac_cv_env_LIBAVIF_CFLAGS_set=
ac_cv_env_LIBAVIF_CFLAGS_value=
ac_cv_env_LIBAVIF_LIBS_set=
ac_cv_env_LIBAVIF_LIBS_value=
ac_cv_env_LIBJPEG_CFLAGS_set=
ac_cv_env_LIBJPEG_CFLAGS_value=
ac_cv_env_LIBJPEG_LIBS_set=
ac_cv_env_LIBJPEG_LIBS_value=
ac_cv_env_LIBJXL_CFLAGS_set=
ac_cv_env_LIBJXL_CFLAGS_value=
ac_cv_env_LIBJXL_LIBS_set=
ac_cv_env_LIBJXL_LIBS_value=
ac_cv_env_LIBPNG_CFLAGS_set=
ac_cv_env_LIBPNG_CFLAGS_value=
ac_cv_env_LIBPNG_LIBS_set=
ac_cv_env_LIBPNG_LIBS_value=
ac_cv_env_LIBS_set=
ac_cv_env_LIBS_value=
ac_cv_env_LIBTIFF_CFLAGS_set=
ac_cv_env_LIBTIFF_CFLAGS_value=
ac_cv_env_LIBTIFF_LIBS_set=
ac_cv_env_LIBTIFF_LIBS_value=
ac_cv_env_LIBWEBP_CFLAGS_set=
ac_cv_env_LIBWEBP_CFLAGS_value=
ac_cv_env_LIBWEBP_LIBS_set=
ac_cv_env_LIBWEBP_LIBS_value=
ac_cv_env_OBJCFLAGS_set=
ac_cv_env_OBJCFLAGS_value=
ac_cv_env_OBJC_set=
ac_cv_env_OBJC_value=
ac_cv_env_PKG_CONFIG_LIBDIR_set=
ac_cv_env_PKG_CONFIG_LIBDIR_value=
ac_cv_env_PKG_CONFIG_PATH_set=
ac_cv_env_PKG_CONFIG_PATH_value=
ac_cv_env_PKG_CONFIG_set=
ac_cv_env_PKG_CONFIG_value=
ac_cv_env_SDL_CFLAGS_set=
ac_cv_env_SDL_CFLAGS_value=
ac_cv_env_SDL_LIBS_set=
ac_cv_env_SDL_LIBS_value=
ac_cv_env_build_alias_set=
ac_cv_env_build_alias_value=
ac_cv_env_host_alias_set=
ac_cv_env_host_alias_value=
ac_cv_env_target_alias_set=
ac_cv_env_target_alias_value=
ac_cv_header_avif_avif_h=no
ac_cv_header_dlfcn_h=yes
ac_cv_header_inttypes_h=yes
ac_cv_header_jxl_decode_h=no
ac_cv_header_stdint_h=yes
ac_cv_header_stdio_h=yes
ac_cv_header_stdlib_h=yes
ac_cv_header_string_h=yes
ac_cv_header_strings_h=yes
ac_cv_header_sys_stat_h=yes
ac_cv_header_sys_types_h=yes
ac_cv_header_tiffio_h=no
ac_cv_header_unistd_h=yes
ac_cv_header_webp_decode_h=no
ac_cv_host=x86_64-pc-linux-gnu
ac_cv_lib_avif_avifVersion=no
ac_cv_lib_jxl_JxlSignatureCheck=no
ac_cv_lib_tiff_TIFFClientOpen=no
ac_cv_lib_webp_WebPGetDecoderVersion=no
ac_cv_objc_compiler_gnu=no
ac_cv_objext=o
ac_cv_path_EGREP='/usr/bin/grep -E'
ac_cv_path_FGREP='/usr/bin/grep -F'
ac_cv_path_GREP=/usr/bin/grep
ac_cv_path_SED=/usr/bin/sed
ac_cv_path_ac_pt_PKG_CONFIG=/usr/bin/pkg-config
ac_cv_path_install='/usr/bin/install -c'
ac_cv_path_mkdir=/usr/bin/mkdir
ac_cv_prog_AWK=mawk
ac_cv_prog_ac_ct_AR=ar
ac_cv_prog_ac_ct_CC=gcc
ac_cv_prog_ac_ct_OBJC=gcc
ac_cv_prog_ac_ct_OBJDUMP=objdump
ac_cv_prog_ac_ct_RANLIB=ranlib
ac_cv_prog_ac_ct_STRIP=strip
ac_cv_prog_cc_c11=
ac_cv_prog_cc_g=yes
ac_cv_prog_cc_stdc=
ac_cv_prog_make_make_set=yes
ac_cv_prog_objc_g=no
am_cv_CC_dependencies_compiler_type=gcc3
am_cv_OBJC_dependencies_compiler_type=gcc3
am_cv_make_support_nested_variables=yes
am_cv_prog_cc_c_o=yes
am_cv_prog_tar_ustar=none
lt_cv_deplibs_check_method=pass_all
lt_cv_file_magic_cmd='$MAGIC_CMD'
lt_cv_file_magic_test_file=
lt_cv_ld_reload_flag=-r
lt_cv_nm_interface='BSD nm'
lt_cv_objdir=.libs
lt_cv_path_LD=/usr/bin/ld
lt_cv_path_NM='/usr/bin/nm -B'
lt_cv_prog_compiler_c_o=yes
lt_cv_prog_compiler_pic_works=yes
lt_cv_prog_compiler_rtti_exceptions=no
lt_cv_prog_compiler_static_works=yes
lt_cv_prog_gnu_ld=yes
lt_cv_sys_global_symbol_pipe='sed -n -e '\''s/^.*[	 ]\([ABCDGIRSTW][ABCDGIRSTW]*\)[	 ][	 ]*\([_A-Za-z][_A-Za-z0-9]*\)$/\1 \2 \2/p'\'''
lt_cv_sys_global_symbol_to_c_name_address='sed -n -e '\''s/^: \([^ ]*\) $/  {\"\1\", (void *) 0},/p'\'' -e '\''s/^[ABCDGIRSTW]* \([^ ]*\) \([^ ]*\)$/  {"\2", (void *) \&\2},/p'\'''
lt_cv_sys_global_symbol_to_c_name_address_lib_prefix='sed -n -e '\''s/^: \([^ ]*\) $/  {\"\1\", (void *) 0},/p'\'' -e '\''s/^[ABCDGIRSTW]* \([^ ]*\) \(lib[^ ]*\)$/  {"\2", (void *) \&\2},/p'\'' -e '\''s/^[ABCDGIRSTW]* \([^ ]*\) \([^ ]*\)$/  {"lib\2", (void *) \&\2},/p'\'''
lt_cv_sys_global_symbol_to_cdecl='sed -n -e '\''s/^T .* \(.*\)$/extern int \1();/p'\'' -e '\''s/^[ABCDGIRSTW]* .* \(.*\)$/extern char \1;/p'\'''
lt_cv_sys_max_cmd_len=1572864
pkg_cv_SDL_CFLAGS='-D_REENTRANT -I/usr/include/SDL2'
pkg_cv_SDL_LIBS=-lSDL2

## ----------------- ##
## Output variables. ##
## ----------------- ##

ACLOCAL='${SHELL} '\''/info/etu/l2info/s2101106/Documents/projet/SDL2_image-2.6.3/missing'\'' aclocal-1.16'
AMDEPBACKSLASH='\'
AMDEP_FALSE='#'
AMDEP_TRUE=''
AMTAR='$${TAR-tar}'
AM_BACKSLASH='\'
AM_DEFAULT_V='$(AM_DEFAULT_VERBOSITY)'
AM_DEFAULT_VERBOSITY='1'
AM_V='$(V)'
AR='ar'
AS='as'
AUTOCONF='${SHELL} '\''/info/etu/l2info/s2101106/Documents/projet/SDL2_image-2.6.3/missing'\'' autoconf'
AUTOHEADER='${SHELL} '\''/info/etu/l2info/s2101106/Documents/projet/SDL2_image-2.6.3/missing'\'' autoheader'
AUTOMAKE='${SHELL} '\''/info/etu/l2info/s2101106/Documents/projet/SDL2_image-2.6.3/missing'\'' automake-1.16'
AWK='mawk'
BUILD_TESTS_FALSE=''
BUILD_TESTS_TRUE='#'
CC='gcc'
CCDEPMODE='depmode=gcc3'
CFLAGS='-g -O2 -D_REENTRANT -I/usr/include/SDL2 -Wall -fvisibility=hidden'
CPPFLAGS=''
CSCOPE='cscope'
CTAGS='ctags'
CYGPATH_W='echo'
DEFS='-DPACKAGE_NAME=\"SDL2_image\" -DPACKAGE_TARNAME=\"SDL2_image\" -DPACKAGE_VERSION=\"2.6.3\" -DPACKAGE_STRING=\"SDL2_image\ 2.6.3\" -DPACKAGE_BUGREPORT=\"https://github.com/libsdl-org/SDL_image/issues\" -DPACKAGE_URL=\"\" -DHAVE_STDIO_H=1 -DHAVE_STDLIB_H=1 -DHAVE_STRING_H=1 -DHAVE_INTTYPES_H=1 -DHAVE_STDINT_H=1 -DHAVE_STRINGS_H=1 -DHAVE_SYS_STAT_H=1 -DHAVE_SYS_TYPES_H=1 -DHAVE_UNISTD_H=1 -DSTDC_HEADERS=1 -DHAVE_DLFCN_H=1 -DLT_OBJDIR=\".libs/\" -DSDL_BUILD_MAJOR_VERSION=2 -DSDL_BUILD_MINOR_VERSION=6 -DSDL_BUILD_MICRO_VERSION=3 -DPACKAGE=\"SDL2_image\" -DVERSION=\"2.6.3\" -DUSE_STBIMAGE=1 -DLOAD_JPG=1 -DLOAD_PNG=1 -DLOAD_BMP=1 -DLOAD_GIF=1 -DLOAD_LBM=1 -DLOAD_PCX=1 -DLOAD_PNM=1 -DLOAD_SVG=1 -DLOAD_TGA=1 -DLOAD_XCF=1 -DLOAD_XPM=1 -DLOAD_XV=1 -DLOAD_QOI=1 -DSDL_IMAGE_SAVE_PNG=1 -DSDL_IMAGE_SAVE_JPG=1'
DEPDIR='.deps'
DLLTOOL='dlltool'
DSYMUTIL=''
DUMPBIN=''
ECHO_C=''
ECHO_N='-n'
ECHO_T=''
EGREP='/usr/bin/grep -E'
ETAGS='etags'
EXEEXT=''
FGREP='/usr/bin/grep -F'
GREP='/usr/bin/grep'
IMG_LIBS=''
INSTALL_DATA='${INSTALL} -m 644'
INSTALL_PROGRAM='${INSTALL}'
INSTALL_SCRIPT='${INSTALL}'
INSTALL_STRIP_PROGRAM='$(install_sh) -c -s'
INSTALL_TESTS_FALSE=''
INSTALL_TESTS_TRUE='#'
LD='/usr/bin/ld -m elf_x86_64'
LDFLAGS=' -Wl,--no-undefined'
LIBAVIF_CFLAGS=''
LIBAVIF_LIBS=''
LIBJPEG_CFLAGS=''
LIBJPEG_LIBS=''
LIBJXL_CFLAGS=''
LIBJXL_LIBS=''
LIBOBJS=''
LIBPNG_CFLAGS=''
LIBPNG_LIBS=''
LIBS=' -lSDL2'
LIBTIFF_CFLAGS=''
LIBTIFF_LIBS=''
LIBTOOL='$(SHELL) $(top_builddir)/libtool'
LIBWEBP_CFLAGS=''
LIBWEBP_LIBS=''
LIPO=''
LN_S='ln -s'
LOAD_AVIF='0'
LOAD_BMP='1'
LOAD_GIF='1'
LOAD_JPG='1'
LOAD_JXL='0'
LOAD_LBM='1'
LOAD_PCX='1'
LOAD_PNG='1'
LOAD_PNM='1'
LOAD_QOI='1'
LOAD_SVG='1'
LOAD_TGA='1'
LOAD_TIF='0'
LOAD_WEBP='0'
LOAD_XCF='1'
LOAD_XPM='1'
LOAD_XV='1'
LTLIBOBJS=''
LT_AGE='600'
LT_CURRENT='600'
LT_EXTRA=''
LT_RELEASE='2.0'
LT_REVISION='3'
MAJOR_VERSION='2'
MAKEINFO='${SHELL} '\''/info/etu/l2info/s2101106/Documents/projet/SDL2_image-2.6.3/missing'\'' makeinfo'
MICRO_VERSION='3'
MINOR_VERSION='6'
MKDIR_P='/usr/bin/mkdir -p'
NM='/usr/bin/nm -B'
NMEDIT=''
OBJC='gcc'
OBJCDEPMODE='depmode=gcc3'
OBJCFLAGS='-g -O2 -D_REENTRANT -I/usr/include/SDL2 -Wall -fvisibility=hidden'
OBJDUMP='objdump'
OBJEXT='o'
OTOOL64=''
OTOOL=''
PACKAGE='SDL2_image'
PACKAGE_BUGREPORT='https://github.com/libsdl-org/SDL_image/issues'
PACKAGE_NAME='SDL2_image'
PACKAGE_STRING='SDL2_image 2.6.3'
PACKAGE_TARNAME='SDL2_image'
PACKAGE_URL=''
PACKAGE_VERSION='2.6.3'
PATH_SEPARATOR=':'
PC_LIBS=''
PC_REQUIRES=''
PKG_CONFIG='/usr/bin/pkg-config'
PKG_CONFIG_LIBDIR=''
PKG_CONFIG_PATH=''
RANLIB='ranlib'
RC=':'
SDL2IMAGE_JPG_SAVE='1'
SDL2IMAGE_PNG_SAVE='1'
SDL2_CONFIG='pkg-config sdl2'
SDL_CFLAGS='-D_REENTRANT -I/usr/include/SDL2'
SDL_LIBS='-lSDL2'
SDL_VERSION='2.0.9'
SED='/usr/bin/sed'
SET_MAKE=''
SHELL='/bin/bash'
STRIP='strip'
USE_IMAGEIO='0'
USE_IMAGEIO_FALSE=''
USE_IMAGEIO_TRUE='#'
USE_STBIMAGE='1'
USE_VERSION_RC_FALSE=''
USE_VERSION_RC_TRUE='#'
USE_WIC='0'
VERSION='2.6.3'
ac_ct_CC='gcc'
ac_ct_DUMPBIN=''
ac_ct_OBJC='gcc'
am__EXEEXT_FALSE=''
am__EXEEXT_TRUE='#'
am__fastdepCC_FALSE='#'
am__fastdepCC_TRUE=''
am__fastdepOBJC_FALSE='#'
am__fastdepOBJC_TRUE=''
am__include='include'
am__isrc=''
am__leading_dot='.'
am__nodep='_no'
am__quote=''
am__tar='false'
am__untar='false'
bindir='${exec_prefix}/bin'
build='x86_64-pc-linux-gnu'
build_alias=''
build_cpu='x86_64'
build_os='linux-gnu'
build_vendor='pc'
cmake_prefix_relpath='../../..'
datadir='${datarootdir}'
datarootdir='${prefix}/share'
docdir='${datarootdir}/doc/${PACKAGE_TARNAME}'
dvidir='${docdir}'
exec_prefix='${prefix}'
host='x86_64-pc-linux-gnu'
host_alias=''
host_cpu='x86_64'
host_os='linux-gnu'
host_vendor='pc'
htmldir='${docdir}'
includedir='${prefix}/include'
infodir='${datarootdir}/info'
install_sh='${SHELL} /info/etu/l2info/s2101106/Documents/projet/SDL2_image-2.6.3/install-sh'
libdir='${exec_prefix}/lib'
libexecdir='${exec_prefix}/libexec'
localedir='${datarootdir}/locale'
localstatedir='${prefix}/var'
lt_ECHO='echo'
mandir='${datarootdir}/man'
mkdir_p='$(MKDIR_P)'
oldincludedir='/usr/include'
pdfdir='${docdir}'
prefix='/info/etu/l2info/s2101106/SDL2'
program_transform_name='s,x,x,'
psdir='${docdir}'
runstatedir='${localstatedir}/run'
sbindir='${exec_prefix}/sbin'
sharedstatedir='${prefix}/com'
sysconfdir='${prefix}/etc'
target_alias=''

## ----------- ##
## confdefs.h. ##
## ----------- ##

/* confdefs.h */
#define PACKAGE_NAME "SDL2_image"
#define PACKAGE_TARNAME "SDL2_image"
#define PACKAGE_VERSION "2.6.3"
#define PACKAGE_STRING "SDL2_image 2.6.3"
#define PACKAGE_BUGREPORT "https://github.com/libsdl-org/SDL_image/issues"
#define PACKAGE_URL ""
#define HAVE_STDIO_H 1
#define HAVE_STDLIB_H 1
#define HAVE_STRING_H 1
#define HAVE_INTTYPES_H 1
#define HAVE_STDINT_H 1
#define HAVE_STRINGS_H 1
#define HAVE_SYS_STAT_H 1
#define HAVE_SYS_TYPES_H 1
#define HAVE_UNISTD_H 1
#define STDC_HEADERS 1
#define HAVE_DLFCN_H 1
#define LT_OBJDIR ".libs/"
#define SDL_BUILD_MAJOR_VERSION 2
#define SDL_BUILD_MINOR_VERSION 6
#define SDL_BUILD_MICRO_VERSION 3
#define PACKAGE "SDL2_image"
#define VERSION "2.6.3"
#define USE_STBIMAGE 1
#define LOAD_JPG 1
#define LOAD_PNG 1
#define LOAD_BMP 1
#define LOAD_GIF 1
#define LOAD_LBM 1
#define LOAD_PCX 1
#define LOAD_PNM 1
#define LOAD_SVG 1
#define LOAD_TGA 1
#define LOAD_XCF 1
#define LOAD_XPM 1
#define LOAD_XV 1
#define LOAD_QOI 1
#define SDL_IMAGE_SAVE_PNG 1
#define SDL_IMAGE_SAVE_JPG 1

configure: exit 0
