This file contains any messages produced by compilers while
running configure, to aid debugging if configure makes a mistake.

It was created by SDL2_ttf configure 2.20.2, which was
generated by GNU Autoconf 2.71.  Invocation command line was

  $ ./configure --prefix=/info/etu/l2info/s2101106/SDL2

## --------- ##
## Platform. ##
## --------- ##

hostname = ic2s114-07.univ-lemans.fr
uname -m = x86_64
uname -r = 5.15.0-48-generic
uname -s = Linux
uname -v = #54~20.04.1-Ubuntu SMP Thu Sep 1 16:17:26 UTC 2022

/usr/bin/uname -p = x86_64
/bin/uname -X     = unknown

/bin/arch              = x86_64
/usr/bin/arch -k       = unknown
/usr/convex/getsysinfo = unknown
/usr/bin/hostinfo      = unknown
/bin/machine           = unknown
/usr/bin/oslevel       = unknown
/bin/universe          = unknown

PATH: /info/etu/l2info/s2101106/SDL2/bin/
PATH: /opt/maven/bin/
PATH: /usr/local/sbin/
PATH: /usr/local/bin/
PATH: /usr/sbin/
PATH: /usr/bin/
PATH: /sbin/
PATH: /bin/
PATH: /usr/games/
PATH: /usr/local/games/
PATH: /snap/bin/


## ----------- ##
## Core tests. ##
## ----------- ##

configure:3201: looking for aux files: missing install-sh compile config.guess config.sub ltmain.sh
configure:3214:  trying ./
configure:3243:   ./missing found
configure:3225:   ./install-sh found
configure:3243:   ./compile found
configure:3243:   ./config.guess found
configure:3243:   ./config.sub found
configure:3243:   ./ltmain.sh found
configure:3407: checking build system type
configure:3422: result: x86_64-pc-linux-gnu
configure:3442: checking host system type
configure:3456: result: x86_64-pc-linux-gnu
configure:3542: checking for gcc
configure:3563: found /usr/bin/gcc
configure:3574: result: gcc
configure:3927: checking for C compiler version
configure:3936: gcc --version >&5
gcc (Ubuntu 9.4.0-1ubuntu1~20.04.1) 9.4.0
Copyright (C) 2019 Free Software Foundation, Inc.
This is free software; see the source for copying conditions.  There is NO
warranty; not even for MERCHANTABILITY or FITNESS FOR A PARTICULAR PURPOSE.

configure:3947: $? = 0
configure:3936: gcc -v >&5
Using built-in specs.
COLLECT_GCC=gcc
COLLECT_LTO_WRAPPER=/usr/lib/gcc/x86_64-linux-gnu/9/lto-wrapper
OFFLOAD_TARGET_NAMES=nvptx-none:hsa
OFFLOAD_TARGET_DEFAULT=1
Target: x86_64-linux-gnu
Configured with: ../src/configure -v --with-pkgversion='Ubuntu 9.4.0-1ubuntu1~20.04.1' --with-bugurl=file:///usr/share/doc/gcc-9/README.Bugs --enable-languages=c,ada,c++,go,brig,d,fortran,objc,obj-c++,gm2 --prefix=/usr --with-gcc-major-version-only --program-suffix=-9 --program-prefix=x86_64-linux-gnu- --enable-shared --enable-linker-build-id --libexecdir=/usr/lib --without-included-gettext --enable-threads=posix --libdir=/usr/lib --enable-nls --enable-clocale=gnu --enable-libstdcxx-debug --enable-libstdcxx-time=yes --with-default-libstdcxx-abi=new --enable-gnu-unique-object --disable-vtable-verify --enable-plugin --enable-default-pie --with-system-zlib --with-target-system-zlib=auto --enable-objc-gc=auto --enable-multiarch --disable-werror --with-arch-32=i686 --with-abi=m64 --with-multilib-list=m32,m64,mx32 --enable-multilib --with-tune=generic --enable-offload-targets=nvptx-none=/build/gcc-9-Av3uEd/gcc-9-9.4.0/debian/tmp-nvptx/usr,hsa --without-cuda-driver --enable-checking=release --build=x86_64-linux-gnu --host=x86_64-linux-gnu --target=x86_64-linux-gnu
Thread model: posix
gcc version 9.4.0 (Ubuntu 9.4.0-1ubuntu1~20.04.1) 
configure:3947: $? = 0
configure:3936: gcc -V >&5
gcc: error: unrecognized command line option '-V'
gcc: fatal error: no input files
compilation terminated.
configure:3947: $? = 1
configure:3936: gcc -qversion >&5
gcc: error: unrecognized command line option '-qversion'; did you mean '--version'?
gcc: fatal error: no input files
compilation terminated.
configure:3947: $? = 1
configure:3936: gcc -version >&5
gcc: error: unrecognized command line option '-version'
gcc: fatal error: no input files
compilation terminated.
configure:3947: $? = 1
configure:3967: checking whether the C compiler works
configure:3989: gcc    conftest.c  >&5
configure:3993: $? = 0
configure:4043: result: yes
configure:4046: checking for C compiler default output file name
configure:4048: result: a.out
configure:4054: checking for suffix of executables
configure:4061: gcc -o conftest    conftest.c  >&5
configure:4065: $? = 0
configure:4088: result: 
configure:4110: checking whether we are cross compiling
configure:4118: gcc -o conftest    conftest.c  >&5
configure:4122: $? = 0
configure:4129: ./conftest
configure:4133: $? = 0
configure:4121: result: no
configure:4126: checking for suffix of object files
configure:4149: gcc -c   conftest.c >&5
configure:4153: $? = 0
configure:4175: result: o
configure:4179: checking whether the compiler supports GNU C
configure:4199: gcc -c   conftest.c >&5
configure:4199: $? = 0
configure:4209: result: yes
configure:4220: checking whether gcc accepts -g
configure:4241: gcc -c -g  conftest.c >&5
configure:4241: $? = 0
configure:4285: result: yes
configure:4305: checking for gcc option to enable C11 features
configure:4320: gcc  -c -g -O2  conftest.c >&5
configure:4320: $? = 0
configure:4338: result: none needed
configure:4454: checking whether gcc understands -c and -o together
configure:4477: gcc -c conftest.c -o conftest2.o
configure:4480: $? = 0
configure:4477: gcc -c conftest.c -o conftest2.o
configure:4480: $? = 0
configure:4492: result: yes
configure:4509: checking for a sed that does not truncate output
configure:4579: result: /usr/bin/sed
configure:4597: checking for grep that handles long lines and -e
configure:4661: result: /usr/bin/grep
configure:4666: checking for egrep
configure:4734: result: /usr/bin/grep -E
configure:4739: checking for fgrep
configure:4807: result: /usr/bin/grep -F
configure:4843: checking for ld used by gcc
configure:4911: result: /usr/bin/ld
configure:4918: checking if the linker (/usr/bin/ld) is GNU ld
configure:4934: result: yes
configure:4946: checking for BSD- or MS-compatible name lister (nm)
configure:4996: result: /usr/bin/nm -B
configure:5124: checking the name lister (/usr/bin/nm -B) interface
configure:5163: gcc -c -g -O2  conftest.c >&5
configure:5166: /usr/bin/nm -B "conftest.o"
configure:5169: output
0000000000000000 B some_variable
configure:5139: result: BSD nm
configure:5142: checking whether ln -s works
configure:5146: result: yes
configure:5154: checking the maximum length of command line arguments
configure:5281: result: 1572864
configure:5298: checking whether the shell understands some XSI constructs
configure:5307: result: yes
configure:5311: checking whether the shell understands "+="
configure:5315: result: yes
configure:5350: checking for /usr/bin/ld option to reload object files
configure:5358: result: -r
configure:5432: checking for objdump
configure:5453: found /usr/bin/objdump
configure:5464: result: objdump
configure:5493: checking how to recognize dependent libraries
configure:5695: result: pass_all
configure:5760: checking for ar
configure:5781: found /usr/bin/ar
configure:5792: result: ar
configure:5875: checking for strip
configure:5896: found /usr/bin/strip
configure:5907: result: strip
configure:5984: checking for ranlib
configure:6005: found /usr/bin/ranlib
configure:6016: result: ranlib
configure:6106: checking command to parse /usr/bin/nm -B output from gcc object
configure:6225: gcc -c -g -O2  conftest.c >&5
configure:6228: $? = 0
configure:6232: /usr/bin/nm -B conftest.o \| sed -n -e 's/^.*[	 ]\([ABCDGIRSTW][ABCDGIRSTW]*\)[	 ][	 ]*\([_A-Za-z][_A-Za-z0-9]*\)$/\1 \2 \2/p' \> conftest.nm
configure:6235: $? = 0
configure:6289: gcc -o conftest -g -O2   conftest.c conftstm.o >&5
configure:6292: $? = 0
configure:6330: result: ok
configure:6427: gcc -c -g -O2  conftest.c >&5
configure:6430: $? = 0
configure:7192: checking for stdio.h
configure:7192: gcc -c -g -O2  conftest.c >&5
configure:7192: $? = 0
configure:7192: result: yes
configure:7192: checking for stdlib.h
configure:7192: gcc -c -g -O2  conftest.c >&5
configure:7192: $? = 0
configure:7192: result: yes
configure:7192: checking for string.h
configure:7192: gcc -c -g -O2  conftest.c >&5
configure:7192: $? = 0
configure:7192: result: yes
configure:7192: checking for inttypes.h
configure:7192: gcc -c -g -O2  conftest.c >&5
configure:7192: $? = 0
configure:7192: result: yes
configure:7192: checking for stdint.h
configure:7192: gcc -c -g -O2  conftest.c >&5
configure:7192: $? = 0
configure:7192: result: yes
configure:7192: checking for strings.h
configure:7192: gcc -c -g -O2  conftest.c >&5
configure:7192: $? = 0
configure:7192: result: yes
configure:7192: checking for sys/stat.h
configure:7192: gcc -c -g -O2  conftest.c >&5
configure:7192: $? = 0
configure:7192: result: yes
configure:7192: checking for sys/types.h
configure:7192: gcc -c -g -O2  conftest.c >&5
configure:7192: $? = 0
configure:7192: result: yes
configure:7192: checking for unistd.h
configure:7192: gcc -c -g -O2  conftest.c >&5
configure:7192: $? = 0
configure:7192: result: yes
configure:7217: checking for dlfcn.h
configure:7217: gcc -c -g -O2  conftest.c >&5
configure:7217: $? = 0
configure:7217: result: yes
configure:7730: checking for objdir
configure:7746: result: .libs
configure:8042: checking if gcc supports -fno-rtti -fno-exceptions
configure:8101: gcc -c -g -O2  -fno-rtti -fno-exceptions conftest.c >&5
cc1: warning: command line option '-fno-rtti' is valid for C++/D/ObjC++ but not for C
configure:8105: $? = 0
configure:8078: result: no
configure:8098: checking for gcc option to produce PIC
configure:8380: result: -fPIC -DPIC
configure:8392: checking if gcc PIC flag -fPIC -DPIC works
configure:8451: gcc -c -g -O2  -fPIC -DPIC -DPIC conftest.c >&5
configure:8455: $? = 0
configure:8428: result: yes
configure:8452: checking if gcc static flag -static works
configure:8481: result: yes
configure:8496: checking if gcc supports -c -o file.o
configure:8558: gcc -c -g -O2  -o out/conftest2.o conftest.c >&5
configure:8562: $? = 0
configure:8544: result: yes
configure:8552: checking if gcc supports -c -o file.o
configure:8600: result: yes
configure:8633: checking whether the gcc linker (/usr/bin/ld -m elf_x86_64) supports shared libraries
configure:9667: result: yes
configure:9704: checking whether -lc should be explicitly linked in
configure:9709: gcc -c -g -O2  conftest.c >&5
configure:9712: $? = 0
configure:9727: gcc -shared conftest.o  -v -Wl,-soname -Wl,conftest -o conftest 2\>\&1 \| /usr/bin/grep  -lc  \>/dev/null 2\>\&1
configure:9730: $? = 0
configure:9742: result: no
configure:9906: checking dynamic linker characteristics
configure:10337: gcc -o conftest -g -O2   -Wl,-rpath -Wl,/foo conftest.c  >&5
configure:10337: $? = 0
configure:10582: result: GNU/Linux ld.so
configure:10684: checking how to hardcode library paths into programs
configure:10709: result: immediate
configure:11233: checking whether stripping libraries is possible
configure:11238: result: yes
configure:11273: checking if libtool supports shared libraries
configure:11275: result: yes
configure:11278: checking whether to build shared libraries
configure:11299: result: yes
configure:11302: checking whether to build static libraries
configure:11306: result: yes
configure:8599: checking for a BSD-compatible install
configure:8672: result: /usr/bin/install -c
configure:8683: checking whether build environment is sane
configure:8738: result: yes
configure:8891: checking for a race-free mkdir -p
configure:8935: result: /usr/bin/mkdir -p
configure:8942: checking for gawk
configure:8977: result: no
configure:8942: checking for mawk
configure:8963: found /usr/bin/mawk
configure:8974: result: mawk
configure:8985: checking whether make sets $(MAKE)
configure:9008: result: yes
configure:9030: checking whether make supports the include directive
configure:9045: make -f confmf.GNU && cat confinc.out
this is the am__doit target
configure:9048: $? = 0
configure:9067: result: yes (GNU style)
configure:9102: checking whether make supports nested variables
configure:9120: result: yes
configure:9205: checking whether UID '21001106' is supported by ustar format
configure:9214: result: no
configure:9218: checking whether GID '666' is supported by ustar format
configure:9224: result: yes
configure:9232: checking how to create a ustar tar archive
configure:9286: tardir=conftest.dir && eval false >conftest.tar
configure:9289: $? = 1
configure:9315: result: none
configure:9324: checking dependency style of gcc
configure:9436: result: gcc3
configure:9562: checking for gcc
configure:9594: result: gcc
configure:9947: checking for C compiler version
configure:9956: gcc --version >&5
gcc (Ubuntu 9.4.0-1ubuntu1~20.04.1) 9.4.0
Copyright (C) 2019 Free Software Foundation, Inc.
This is free software; see the source for copying conditions.  There is NO
warranty; not even for MERCHANTABILITY or FITNESS FOR A PARTICULAR PURPOSE.

configure:9967: $? = 0
configure:9956: gcc -v >&5
Using built-in specs.
COLLECT_GCC=gcc
COLLECT_LTO_WRAPPER=/usr/lib/gcc/x86_64-linux-gnu/9/lto-wrapper
OFFLOAD_TARGET_NAMES=nvptx-none:hsa
OFFLOAD_TARGET_DEFAULT=1
Target: x86_64-linux-gnu
Configured with: ../src/configure -v --with-pkgversion='Ubuntu 9.4.0-1ubuntu1~20.04.1' --with-bugurl=file:///usr/share/doc/gcc-9/README.Bugs --enable-languages=c,ada,c++,go,brig,d,fortran,objc,obj-c++,gm2 --prefix=/usr --with-gcc-major-version-only --program-suffix=-9 --program-prefix=x86_64-linux-gnu- --enable-shared --enable-linker-build-id --libexecdir=/usr/lib --without-included-gettext --enable-threads=posix --libdir=/usr/lib --enable-nls --enable-clocale=gnu --enable-libstdcxx-debug --enable-libstdcxx-time=yes --with-default-libstdcxx-abi=new --enable-gnu-unique-object --disable-vtable-verify --enable-plugin --enable-default-pie --with-system-zlib --with-target-system-zlib=auto --enable-objc-gc=auto --enable-multiarch --disable-werror --with-arch-32=i686 --with-abi=m64 --with-multilib-list=m32,m64,mx32 --enable-multilib --with-tune=generic --enable-offload-targets=nvptx-none=/build/gcc-9-Av3uEd/gcc-9-9.4.0/debian/tmp-nvptx/usr,hsa --without-cuda-driver --enable-checking=release --build=x86_64-linux-gnu --host=x86_64-linux-gnu --target=x86_64-linux-gnu
Thread model: posix
gcc version 9.4.0 (Ubuntu 9.4.0-1ubuntu1~20.04.1) 
configure:9967: $? = 0
configure:9956: gcc -V >&5
gcc: error: unrecognized command line option '-V'
gcc: fatal error: no input files
compilation terminated.
configure:9967: $? = 1
configure:9956: gcc -qversion >&5
gcc: error: unrecognized command line option '-qversion'; did you mean '--version'?
gcc: fatal error: no input files
compilation terminated.
configure:9967: $? = 1
configure:9956: gcc -version >&5
gcc: error: unrecognized command line option '-version'
gcc: fatal error: no input files
compilation terminated.
configure:9967: $? = 1
configure:9971: checking whether the compiler supports GNU C
configure:10001: result: yes
configure:10012: checking whether gcc accepts -g
configure:10077: result: yes
configure:10097: checking for gcc option to enable C11 features
configure:10130: result: none needed
configure:10246: checking whether gcc understands -c and -o together
configure:10284: result: yes
configure:10370: checking for g++
configure:10391: found /usr/bin/g++
configure:10402: result: g++
configure:10429: checking for C++ compiler version
configure:10438: g++ --version >&5
g++ (Ubuntu 9.4.0-1ubuntu1~20.04.1) 9.4.0
Copyright (C) 2019 Free Software Foundation, Inc.
This is free software; see the source for copying conditions.  There is NO
warranty; not even for MERCHANTABILITY or FITNESS FOR A PARTICULAR PURPOSE.

configure:10449: $? = 0
configure:10438: g++ -v >&5
Using built-in specs.
COLLECT_GCC=g++
COLLECT_LTO_WRAPPER=/usr/lib/gcc/x86_64-linux-gnu/9/lto-wrapper
OFFLOAD_TARGET_NAMES=nvptx-none:hsa
OFFLOAD_TARGET_DEFAULT=1
Target: x86_64-linux-gnu
Configured with: ../src/configure -v --with-pkgversion='Ubuntu 9.4.0-1ubuntu1~20.04.1' --with-bugurl=file:///usr/share/doc/gcc-9/README.Bugs --enable-languages=c,ada,c++,go,brig,d,fortran,objc,obj-c++,gm2 --prefix=/usr --with-gcc-major-version-only --program-suffix=-9 --program-prefix=x86_64-linux-gnu- --enable-shared --enable-linker-build-id --libexecdir=/usr/lib --without-included-gettext --enable-threads=posix --libdir=/usr/lib --enable-nls --enable-clocale=gnu --enable-libstdcxx-debug --enable-libstdcxx-time=yes --with-default-libstdcxx-abi=new --enable-gnu-unique-object --disable-vtable-verify --enable-plugin --enable-default-pie --with-system-zlib --with-target-system-zlib=auto --enable-objc-gc=auto --enable-multiarch --disable-werror --with-arch-32=i686 --with-abi=m64 --with-multilib-list=m32,m64,mx32 --enable-multilib --with-tune=generic --enable-offload-targets=nvptx-none=/build/gcc-9-Av3uEd/gcc-9-9.4.0/debian/tmp-nvptx/usr,hsa --without-cuda-driver --enable-checking=release --build=x86_64-linux-gnu --host=x86_64-linux-gnu --target=x86_64-linux-gnu
Thread model: posix
gcc version 9.4.0 (Ubuntu 9.4.0-1ubuntu1~20.04.1) 
configure:10449: $? = 0
configure:10438: g++ -V >&5
g++: error: unrecognized command line option '-V'
g++: fatal error: no input files
compilation terminated.
configure:10449: $? = 1
configure:10438: g++ -qversion >&5
g++: error: unrecognized command line option '-qversion'; did you mean '--version'?
g++: fatal error: no input files
compilation terminated.
configure:10449: $? = 1
configure:10453: checking whether the compiler supports GNU C++
configure:10473: g++ -c   conftest.cpp >&5
configure:10473: $? = 0
configure:10483: result: yes
configure:10494: checking whether g++ accepts -g
configure:10515: g++ -c -g  conftest.cpp >&5
configure:10515: $? = 0
configure:10559: result: yes
configure:10579: checking for g++ option to enable C++11 features
configure:10594: g++  -c -g -O2  conftest.cpp >&5
configure:10594: $? = 0
configure:10612: result: none needed
configure:10799: checking for C++ compiler version
configure:10808: g++ --version >&5
g++ (Ubuntu 9.4.0-1ubuntu1~20.04.1) 9.4.0
Copyright (C) 2019 Free Software Foundation, Inc.
This is free software; see the source for copying conditions.  There is NO
warranty; not even for MERCHANTABILITY or FITNESS FOR A PARTICULAR PURPOSE.

configure:10819: $? = 0
configure:10808: g++ -v >&5
Using built-in specs.
COLLECT_GCC=g++
COLLECT_LTO_WRAPPER=/usr/lib/gcc/x86_64-linux-gnu/9/lto-wrapper
OFFLOAD_TARGET_NAMES=nvptx-none:hsa
OFFLOAD_TARGET_DEFAULT=1
Target: x86_64-linux-gnu
Configured with: ../src/configure -v --with-pkgversion='Ubuntu 9.4.0-1ubuntu1~20.04.1' --with-bugurl=file:///usr/share/doc/gcc-9/README.Bugs --enable-languages=c,ada,c++,go,brig,d,fortran,objc,obj-c++,gm2 --prefix=/usr --with-gcc-major-version-only --program-suffix=-9 --program-prefix=x86_64-linux-gnu- --enable-shared --enable-linker-build-id --libexecdir=/usr/lib --without-included-gettext --enable-threads=posix --libdir=/usr/lib --enable-nls --enable-clocale=gnu --enable-libstdcxx-debug --enable-libstdcxx-time=yes --with-default-libstdcxx-abi=new --enable-gnu-unique-object --disable-vtable-verify --enable-plugin --enable-default-pie --with-system-zlib --with-target-system-zlib=auto --enable-objc-gc=auto --enable-multiarch --disable-werror --with-arch-32=i686 --with-abi=m64 --with-multilib-list=m32,m64,mx32 --enable-multilib --with-tune=generic --enable-offload-targets=nvptx-none=/build/gcc-9-Av3uEd/gcc-9-9.4.0/debian/tmp-nvptx/usr,hsa --without-cuda-driver --enable-checking=release --build=x86_64-linux-gnu --host=x86_64-linux-gnu --target=x86_64-linux-gnu
Thread model: posix
gcc version 9.4.0 (Ubuntu 9.4.0-1ubuntu1~20.04.1) 
configure:10819: $? = 0
configure:10808: g++ -V >&5
g++: error: unrecognized command line option '-V'
g++: fatal error: no input files
compilation terminated.
configure:10819: $? = 1
configure:10808: g++ -qversion >&5
g++: error: unrecognized command line option '-qversion'; did you mean '--version'?
g++: fatal error: no input files
compilation terminated.
configure:10819: $? = 1
configure:10823: checking whether the compiler supports GNU C++
configure:10853: result: yes
configure:10864: checking whether g++ accepts -g
configure:10929: result: yes
configure:10949: checking for g++ option to enable C++11 features
configure:10982: result: none needed
configure:11048: checking dependency style of g++
configure:11160: result: gcc3
configure:11183: checking how to run the C++ preprocessor
configure:11205: g++ -E  conftest.cpp
configure:11205: $? = 0
configure:11220: g++ -E  conftest.cpp
conftest.cpp:26:10: fatal error: ac_nonexistent.h: No such file or directory
   26 | #include <ac_nonexistent.h>
      |          ^~~~~~~~~~~~~~~~~~
compilation terminated.
configure:11220: $? = 1
configure: failed program was:
| /* confdefs.h */
| #define PACKAGE_NAME "SDL2_ttf"
| #define PACKAGE_TARNAME "SDL2_ttf"
| #define PACKAGE_VERSION "2.20.2"
| #define PACKAGE_STRING "SDL2_ttf 2.20.2"
| #define PACKAGE_BUGREPORT "https://github.com/libsdl-org/SDL_ttf/issues"
| #define PACKAGE_URL ""
| #define HAVE_STDIO_H 1
| #define HAVE_STDLIB_H 1
| #define HAVE_STRING_H 1
| #define HAVE_INTTYPES_H 1
| #define HAVE_STDINT_H 1
| #define HAVE_STRINGS_H 1
| #define HAVE_SYS_STAT_H 1
| #define HAVE_SYS_TYPES_H 1
| #define HAVE_UNISTD_H 1
| #define STDC_HEADERS 1
| #define HAVE_DLFCN_H 1
| #define LT_OBJDIR ".libs/"
| #define SDL_BUILD_MAJOR_VERSION 2
| #define SDL_BUILD_MINOR_VERSION 20
| #define SDL_BUILD_MICRO_VERSION 2
| #define PACKAGE "SDL2_ttf"
| #define VERSION "2.20.2"
| /* end confdefs.h.  */
| #include <ac_nonexistent.h>
configure:11247: result: g++ -E
configure:11261: g++ -E  conftest.cpp
configure:11261: $? = 0
configure:11276: g++ -E  conftest.cpp
conftest.cpp:26:10: fatal error: ac_nonexistent.h: No such file or directory
   26 | #include <ac_nonexistent.h>
      |          ^~~~~~~~~~~~~~~~~~
compilation terminated.
configure:11276: $? = 1
configure: failed program was:
| /* confdefs.h */
| #define PACKAGE_NAME "SDL2_ttf"
| #define PACKAGE_TARNAME "SDL2_ttf"
| #define PACKAGE_VERSION "2.20.2"
| #define PACKAGE_STRING "SDL2_ttf 2.20.2"
| #define PACKAGE_BUGREPORT "https://github.com/libsdl-org/SDL_ttf/issues"
| #define PACKAGE_URL ""
| #define HAVE_STDIO_H 1
| #define HAVE_STDLIB_H 1
| #define HAVE_STRING_H 1
| #define HAVE_INTTYPES_H 1
| #define HAVE_STDINT_H 1
| #define HAVE_STRINGS_H 1
| #define HAVE_SYS_STAT_H 1
| #define HAVE_SYS_TYPES_H 1
| #define HAVE_UNISTD_H 1
| #define STDC_HEADERS 1
| #define HAVE_DLFCN_H 1
| #define LT_OBJDIR ".libs/"
| #define SDL_BUILD_MAJOR_VERSION 2
| #define SDL_BUILD_MINOR_VERSION 20
| #define SDL_BUILD_MICRO_VERSION 2
| #define PACKAGE "SDL2_ttf"
| #define VERSION "2.20.2"
| /* end confdefs.h.  */
| #include <ac_nonexistent.h>
configure:11447: checking for ld used by g++
configure:11515: result: /usr/bin/ld -m elf_x86_64
configure:11522: checking if the linker (/usr/bin/ld -m elf_x86_64) is GNU ld
configure:11538: result: yes
configure:11593: checking whether the g++ linker (/usr/bin/ld -m elf_x86_64) supports shared libraries
configure:12536: result: yes
configure:12564: g++ -c -g -O2  conftest.cpp >&5
configure:12567: $? = 0
configure:12749: checking for g++ option to produce PIC
configure:13071: result: -fPIC -DPIC
configure:13080: checking if g++ PIC flag -fPIC -DPIC works
configure:15934: g++ -c -g -O2  -fPIC -DPIC -DPIC conftest.cpp >&5
configure:15938: $? = 0
configure:13116: result: yes
configure:13137: checking if g++ static flag -static works
configure:13166: result: yes
configure:13178: checking if g++ supports -c -o file.o
configure:16035: g++ -c -g -O2  -o out/conftest2.o conftest.cpp >&5
configure:16039: $? = 0
configure:13226: result: yes
configure:13231: checking if g++ supports -c -o file.o
configure:13279: result: yes
configure:13309: checking whether the g++ linker (/usr/bin/ld -m elf_x86_64) supports shared libraries
configure:13335: result: yes
configure:13472: checking dynamic linker characteristics
configure:13851: g++ -o conftest -g -O2   -Wl,-rpath -Wl,/foo conftest.cpp  >&5
configure:13851: $? = 0
configure:14096: result: GNU/Linux ld.so
configure:14147: checking how to hardcode library paths into programs
configure:14172: result: immediate
configure:13212: checking dependency style of g++
configure:13324: result: gcc3
configure:13387: checking for windres
configure:13422: result: no
configure:13449: checking for special C compiler options needed for large files
configure:13497: result: no
configure:13503: checking for _FILE_OFFSET_BITS value needed for large files
configure:13529: gcc -c -g -O2  conftest.c >&5
configure:13529: $? = 0
configure:13563: result: no
configure:13646: checking whether make sets $(MAKE)
configure:13669: result: yes
configure:13777: checking for pkg-config
configure:13800: found /usr/bin/pkg-config
configure:13812: result: /usr/bin/pkg-config
configure:13837: checking pkg-config is at least version 0.9.0
configure:13840: result: yes
configure:13880: checking for sdl2 >= 2.0.10
configure:13887: $PKG_CONFIG --exists --print-errors "sdl2 >= $min_sdl_version"
configure:13890: $? = 0
configure:13904: $PKG_CONFIG --exists --print-errors "sdl2 >= $min_sdl_version"
configure:13907: $? = 0
configure:13945: result: yes
configure:14219: checking for GCC -Wall option
configure:14236: gcc -c -g -O2 -D_REENTRANT -I/usr/include/SDL2 -Wall  conftest.c >&5
configure:14236: $? = 0
configure:14241: result: yes
configure:14249: checking for necessary GCC -Wno-multichar option
configure:14257: result: no
configure:14268: checking for GCC -fvisibility=hidden option
configure:14297: gcc -c -g -O2 -D_REENTRANT -I/usr/include/SDL2 -Wall -fvisibility=hidden -Werror  conftest.c >&5
configure:14297: $? = 0
configure:14302: result: yes
configure:15104: checking whether g++ supports C++11 features by default
configure:15401: g++ -c -g -O2 -Wall -fvisibility=hidden  conftest.cpp >&5
configure:15401: $? = 0
configure:15409: result: yes
configure:16095: checking alignment of struct{char;}
configure:16101: gcc -o conftest -g -O2 -D_REENTRANT -I/usr/include/SDL2 -Wall -fvisibility=hidden   conftest.c  -lSDL2 >&5
conftest.c:56:37: warning: declaration does not declare anything
   56 | typedef struct { char x; struct{char;} y; } ac__type_alignof_;
      |                                     ^
configure:16101: $? = 0
configure:16101: ./conftest
configure:16101: $? = 0
configure:16117: result: 1
configure:14183: checking for linker option --no-undefined
configure:14203: gcc -o conftest -g -O2 -D_REENTRANT -I/usr/include/SDL2 -Wall -fvisibility=hidden   -Wl,--no-undefined conftest.c  -lSDL2 >&5
configure:14203: $? = 0
configure:14213: result: yes
configure:16318: checking how to run the C preprocessor
configure:16344: gcc -E  conftest.c
configure:16344: $? = 0
configure:16359: gcc -E  conftest.c
conftest.c:29:10: fatal error: ac_nonexistent.h: No such file or directory
   29 | #include <ac_nonexistent.h>
      |          ^~~~~~~~~~~~~~~~~~
compilation terminated.
configure:16359: $? = 1
configure: failed program was:
| /* confdefs.h */
| #define PACKAGE_NAME "SDL2_ttf"
| #define PACKAGE_TARNAME "SDL2_ttf"
| #define PACKAGE_VERSION "2.20.2"
| #define PACKAGE_STRING "SDL2_ttf 2.20.2"
| #define PACKAGE_BUGREPORT "https://github.com/libsdl-org/SDL_ttf/issues"
| #define PACKAGE_URL ""
| #define HAVE_STDIO_H 1
| #define HAVE_STDLIB_H 1
| #define HAVE_STRING_H 1
| #define HAVE_INTTYPES_H 1
| #define HAVE_STDINT_H 1
| #define HAVE_STRINGS_H 1
| #define HAVE_SYS_STAT_H 1
| #define HAVE_SYS_TYPES_H 1
| #define HAVE_UNISTD_H 1
| #define STDC_HEADERS 1
| #define HAVE_DLFCN_H 1
| #define LT_OBJDIR ".libs/"
| #define SDL_BUILD_MAJOR_VERSION 2
| #define SDL_BUILD_MINOR_VERSION 20
| #define SDL_BUILD_MICRO_VERSION 2
| #define PACKAGE "SDL2_ttf"
| #define VERSION "2.20.2"
| #define TTF_USE_HARFBUZZ 1
| #define HAVE_CXX11 1
| #define ALIGNOF_STRUCT_CHAR__ 1
| /* end confdefs.h.  */
| #include <ac_nonexistent.h>
configure:16386: result: gcc -E
configure:16400: gcc -E  conftest.c
configure:16400: $? = 0
configure:16415: gcc -E  conftest.c
conftest.c:29:10: fatal error: ac_nonexistent.h: No such file or directory
   29 | #include <ac_nonexistent.h>
      |          ^~~~~~~~~~~~~~~~~~
compilation terminated.
configure:16415: $? = 1
configure: failed program was:
| /* confdefs.h */
| #define PACKAGE_NAME "SDL2_ttf"
| #define PACKAGE_TARNAME "SDL2_ttf"
| #define PACKAGE_VERSION "2.20.2"
| #define PACKAGE_STRING "SDL2_ttf 2.20.2"
| #define PACKAGE_BUGREPORT "https://github.com/libsdl-org/SDL_ttf/issues"
| #define PACKAGE_URL ""
| #define HAVE_STDIO_H 1
| #define HAVE_STDLIB_H 1
| #define HAVE_STRING_H 1
| #define HAVE_INTTYPES_H 1
| #define HAVE_STDINT_H 1
| #define HAVE_STRINGS_H 1
| #define HAVE_SYS_STAT_H 1
| #define HAVE_SYS_TYPES_H 1
| #define HAVE_UNISTD_H 1
| #define STDC_HEADERS 1
| #define HAVE_DLFCN_H 1
| #define LT_OBJDIR ".libs/"
| #define SDL_BUILD_MAJOR_VERSION 2
| #define SDL_BUILD_MINOR_VERSION 20
| #define SDL_BUILD_MICRO_VERSION 2
| #define PACKAGE "SDL2_ttf"
| #define VERSION "2.20.2"
| #define TTF_USE_HARFBUZZ 1
| #define HAVE_CXX11 1
| #define ALIGNOF_STRUCT_CHAR__ 1
| /* end confdefs.h.  */
| #include <ac_nonexistent.h>
configure:16446: checking for X
configure:16484: gcc -o conftest -g -O2 -D_REENTRANT -I/usr/include/SDL2 -Wall -fvisibility=hidden   -Wl,--no-undefined conftest.c -lX11  -lSDL2 >&5
configure:16484: $? = 0
configure:16671: result: libraries , headers 
configure:16769: gcc -o conftest -g -O2 -D_REENTRANT -I/usr/include/SDL2 -Wall -fvisibility=hidden   -Wl,--no-undefined conftest.c  -lSDL2  -lX11 >&5
configure:16769: $? = 0
configure:16868: checking for gethostbyname
configure:16868: gcc -o conftest -g -O2 -D_REENTRANT -I/usr/include/SDL2 -Wall -fvisibility=hidden   -Wl,--no-undefined conftest.c  -lSDL2 >&5
configure:16868: $? = 0
configure:16868: result: yes
configure:16966: checking for connect
configure:16966: gcc -o conftest -g -O2 -D_REENTRANT -I/usr/include/SDL2 -Wall -fvisibility=hidden   -Wl,--no-undefined conftest.c  -lSDL2 >&5
configure:16966: $? = 0
configure:16966: result: yes
configure:17016: checking for remove
configure:17016: gcc -o conftest -g -O2 -D_REENTRANT -I/usr/include/SDL2 -Wall -fvisibility=hidden   -Wl,--no-undefined conftest.c  -lSDL2 >&5
configure:17016: $? = 0
configure:17016: result: yes
configure:17066: checking for shmat
configure:17066: gcc -o conftest -g -O2 -D_REENTRANT -I/usr/include/SDL2 -Wall -fvisibility=hidden   -Wl,--no-undefined conftest.c  -lSDL2 >&5
configure:17066: $? = 0
configure:17066: result: yes
configure:17125: checking for IceConnectionNumber in -lICE
configure:17148: gcc -o conftest -g -O2 -D_REENTRANT -I/usr/include/SDL2 -Wall -fvisibility=hidden   -Wl,--no-undefined conftest.c -lICE   -lSDL2 >&5
configure:17148: $? = 0
configure:17158: result: yes
configure:17177: checking for OpenGL support
configure:17197: gcc -o conftest -g -O2 -D_REENTRANT -I/usr/include/SDL2 -Wall -fvisibility=hidden    -Wl,--no-undefined conftest.c  -lSDL2  -lGL >&5
configure:17197: $? = 0
configure:17203: result: yes
configure:17457: checking that generated files are newer than configure
configure:17463: result: done
configure:17510: creating ./config.status

## ---------------------- ##
## Running config.status. ##
## ---------------------- ##

This file was extended by SDL2_ttf config.status 2.20.2, which was
generated by GNU Autoconf 2.71.  Invocation command line was

  CONFIG_FILES    = 
  CONFIG_HEADERS  = 
  CONFIG_LINKS    = 
  CONFIG_COMMANDS = 
  $ ./config.status 

on ic2s114-07.univ-lemans.fr

config.status:1097: creating Makefile
config.status:1097: creating sdl2_ttf-config.cmake
config.status:1097: creating sdl2_ttf-config-version.cmake
config.status:1097: creating SDL2_ttf.spec
config.status:1097: creating SDL2_ttf.pc
config.status:1269: executing libtool commands
config.status:1269: executing depfiles commands
config.status:2155: cd .       && sed -e '/# am--include-marker/d' Makefile         | make -f - am--depfiles
config.status:2160: $? = 0
config.status:1269: executing summary commands

## ---------------- ##
## Cache variables. ##
## ---------------- ##

ac_cv_alignof_struct_char__=1
ac_cv_build=x86_64-pc-linux-gnu
ac_cv_c_compiler_gnu=yes
ac_cv_cxx_compiler_gnu=yes
ac_cv_env_CCC_set=
ac_cv_env_CCC_value=
ac_cv_env_CC_set=
ac_cv_env_CC_value=
ac_cv_env_CFLAGS_set=
ac_cv_env_CFLAGS_value=
ac_cv_env_CPPFLAGS_set=
ac_cv_env_CPPFLAGS_value=
ac_cv_env_CPP_set=
ac_cv_env_CPP_value=
ac_cv_env_CXXCPP_set=
ac_cv_env_CXXCPP_value=
ac_cv_env_CXXFLAGS_set=
ac_cv_env_CXXFLAGS_value=
ac_cv_env_CXX_set=
ac_cv_env_CXX_value=
ac_cv_env_FT2_CFLAGS_set=
ac_cv_env_FT2_CFLAGS_value=
ac_cv_env_FT2_LIBS_set=
ac_cv_env_FT2_LIBS_value=
ac_cv_env_HB_CFLAGS_set=
ac_cv_env_HB_CFLAGS_value=
ac_cv_env_HB_LIBS_set=
ac_cv_env_HB_LIBS_value=
ac_cv_env_LDFLAGS_set=
ac_cv_env_LDFLAGS_value=
ac_cv_env_LIBS_set=
ac_cv_env_LIBS_value=
ac_cv_env_PKG_CONFIG_LIBDIR_set=
ac_cv_env_PKG_CONFIG_LIBDIR_value=
ac_cv_env_PKG_CONFIG_PATH_set=
ac_cv_env_PKG_CONFIG_PATH_value=
ac_cv_env_PKG_CONFIG_set=
ac_cv_env_PKG_CONFIG_value=
ac_cv_env_SDL_CFLAGS_set=
ac_cv_env_SDL_CFLAGS_value=
ac_cv_env_SDL_LIBS_set=
ac_cv_env_SDL_LIBS_value=
ac_cv_env_XMKMF_set=
ac_cv_env_XMKMF_value=
ac_cv_env_build_alias_set=
ac_cv_env_build_alias_value=
ac_cv_env_host_alias_set=
ac_cv_env_host_alias_value=
ac_cv_env_target_alias_set=
ac_cv_env_target_alias_value=
ac_cv_func_connect=yes
ac_cv_func_gethostbyname=yes
ac_cv_func_remove=yes
ac_cv_func_shmat=yes
ac_cv_have_x='have_x=yes	ac_x_includes='\'''\''	ac_x_libraries='\'''\'''
ac_cv_header_dlfcn_h=yes
ac_cv_header_inttypes_h=yes
ac_cv_header_stdint_h=yes
ac_cv_header_stdio_h=yes
ac_cv_header_stdlib_h=yes
ac_cv_header_string_h=yes
ac_cv_header_strings_h=yes
ac_cv_header_sys_stat_h=yes
ac_cv_header_sys_types_h=yes
ac_cv_header_unistd_h=yes
ac_cv_host=x86_64-pc-linux-gnu
ac_cv_lib_ICE_IceConnectionNumber=yes
ac_cv_objext=o
ac_cv_path_EGREP='/usr/bin/grep -E'
ac_cv_path_FGREP='/usr/bin/grep -F'
ac_cv_path_GREP=/usr/bin/grep
ac_cv_path_SED=/usr/bin/sed
ac_cv_path_ac_pt_PKG_CONFIG=/usr/bin/pkg-config
ac_cv_path_install='/usr/bin/install -c'
ac_cv_path_mkdir=/usr/bin/mkdir
ac_cv_prog_AWK=mawk
ac_cv_prog_CPP='gcc -E'
ac_cv_prog_CXXCPP='g++ -E'
ac_cv_prog_ac_ct_AR=ar
ac_cv_prog_ac_ct_CC=gcc
ac_cv_prog_ac_ct_CXX=g++
ac_cv_prog_ac_ct_OBJDUMP=objdump
ac_cv_prog_ac_ct_RANLIB=ranlib
ac_cv_prog_ac_ct_STRIP=strip
ac_cv_prog_cc_c11=
ac_cv_prog_cc_g=yes
ac_cv_prog_cc_stdc=
ac_cv_prog_cxx_11=no
ac_cv_prog_cxx_cxx11=
ac_cv_prog_cxx_g=yes
ac_cv_prog_cxx_stdcxx=
ac_cv_prog_make_make_set=yes
ac_cv_sys_file_offset_bits=no
ac_cv_sys_largefile_CC=no
am_cv_CC_dependencies_compiler_type=gcc3
am_cv_CXX_dependencies_compiler_type=gcc3
am_cv_make_support_nested_variables=yes
am_cv_prog_cc_c_o=yes
am_cv_prog_tar_ustar=none
ax_cv_cxx_compile_cxx11=yes
lt_cv_deplibs_check_method=pass_all
lt_cv_file_magic_cmd='$MAGIC_CMD'
lt_cv_file_magic_test_file=
lt_cv_ld_reload_flag=-r
lt_cv_nm_interface='BSD nm'
lt_cv_objdir=.libs
lt_cv_path_LD=/usr/bin/ld
lt_cv_path_LDCXX='/usr/bin/ld -m elf_x86_64'
lt_cv_path_NM='/usr/bin/nm -B'
lt_cv_prog_compiler_c_o=yes
lt_cv_prog_compiler_c_o_CXX=yes
lt_cv_prog_compiler_pic_works=yes
lt_cv_prog_compiler_pic_works_CXX=yes
lt_cv_prog_compiler_rtti_exceptions=no
lt_cv_prog_compiler_static_works=yes
lt_cv_prog_compiler_static_works_CXX=yes
lt_cv_prog_gnu_ld=yes
lt_cv_prog_gnu_ldcxx=yes
lt_cv_sys_global_symbol_pipe='sed -n -e '\''s/^.*[	 ]\([ABCDGIRSTW][ABCDGIRSTW]*\)[	 ][	 ]*\([_A-Za-z][_A-Za-z0-9]*\)$/\1 \2 \2/p'\'''
lt_cv_sys_global_symbol_to_c_name_address='sed -n -e '\''s/^: \([^ ]*\) $/  {\"\1\", (void *) 0},/p'\'' -e '\''s/^[ABCDGIRSTW]* \([^ ]*\) \([^ ]*\)$/  {"\2", (void *) \&\2},/p'\'''
lt_cv_sys_global_symbol_to_c_name_address_lib_prefix='sed -n -e '\''s/^: \([^ ]*\) $/  {\"\1\", (void *) 0},/p'\'' -e '\''s/^[ABCDGIRSTW]* \([^ ]*\) \(lib[^ ]*\)$/  {"\2", (void *) \&\2},/p'\'' -e '\''s/^[ABCDGIRSTW]* \([^ ]*\) \([^ ]*\)$/  {"lib\2", (void *) \&\2},/p'\'''
lt_cv_sys_global_symbol_to_cdecl='sed -n -e '\''s/^T .* \(.*\)$/extern int \1();/p'\'' -e '\''s/^[ABCDGIRSTW]* .* \(.*\)$/extern char \1;/p'\'''
lt_cv_sys_max_cmd_len=1572864
pkg_cv_SDL_CFLAGS='-D_REENTRANT -I/usr/include/SDL2'
pkg_cv_SDL_LIBS=-lSDL2

## ----------------- ##
## Output variables. ##
## ----------------- ##

ACLOCAL='${SHELL} '\''/info/etu/l2info/s2101106/Documents/projet/SDL2_ttf-2.20.2/missing'\'' aclocal-1.16'
AMDEPBACKSLASH='\'
AMDEP_FALSE='#'
AMDEP_TRUE=''
AMTAR='$${TAR-tar}'
AM_BACKSLASH='\'
AM_DEFAULT_V='$(AM_DEFAULT_VERBOSITY)'
AM_DEFAULT_VERBOSITY='1'
AM_V='$(V)'
AR='ar'
AS='as'
AUTOCONF='${SHELL} '\''/info/etu/l2info/s2101106/Documents/projet/SDL2_ttf-2.20.2/missing'\'' autoconf'
AUTOHEADER='${SHELL} '\''/info/etu/l2info/s2101106/Documents/projet/SDL2_ttf-2.20.2/missing'\'' autoheader'
AUTOMAKE='${SHELL} '\''/info/etu/l2info/s2101106/Documents/projet/SDL2_ttf-2.20.2/missing'\'' automake-1.16'
AWK='mawk'
CC='gcc'
CCDEPMODE='depmode=gcc3'
CFLAGS='-g -O2 -D_REENTRANT -I/usr/include/SDL2 -Wall -fvisibility=hidden  -DHAVE_OPENGL'
CPP='gcc -E'
CPPFLAGS=''
CSCOPE='cscope'
CTAGS='ctags'
CXX='g++'
CXXCPP='g++ -E'
CXXDEPMODE='depmode=gcc3'
CXXFLAGS='-g -O2 -Wall -fvisibility=hidden -Wno-unused-result -fno-rtti -fno-exceptions -fno-threadsafe-statics'
CYGPATH_W='echo'
DEFS='-DPACKAGE_NAME=\"SDL2_ttf\" -DPACKAGE_TARNAME=\"SDL2_ttf\" -DPACKAGE_VERSION=\"2.20.2\" -DPACKAGE_STRING=\"SDL2_ttf\ 2.20.2\" -DPACKAGE_BUGREPORT=\"https://github.com/libsdl-org/SDL_ttf/issues\" -DPACKAGE_URL=\"\" -DHAVE_STDIO_H=1 -DHAVE_STDLIB_H=1 -DHAVE_STRING_H=1 -DHAVE_INTTYPES_H=1 -DHAVE_STDINT_H=1 -DHAVE_STRINGS_H=1 -DHAVE_SYS_STAT_H=1 -DHAVE_SYS_TYPES_H=1 -DHAVE_UNISTD_H=1 -DSTDC_HEADERS=1 -DHAVE_DLFCN_H=1 -DLT_OBJDIR=\".libs/\" -DSDL_BUILD_MAJOR_VERSION=2 -DSDL_BUILD_MINOR_VERSION=20 -DSDL_BUILD_MICRO_VERSION=2 -DPACKAGE=\"SDL2_ttf\" -DVERSION=\"2.20.2\" -DTTF_USE_HARFBUZZ=1 -DHAVE_CXX11=1 -DALIGNOF_STRUCT_CHAR__=1'
DEPDIR='.deps'
DLLTOOL='dlltool'
DSYMUTIL=''
DUMPBIN=''
ECHO_C=''
ECHO_N='-n'
ECHO_T=''
EGREP='/usr/bin/grep -E'
ETAGS='etags'
EXEEXT=''
FGREP='/usr/bin/grep -F'
FT2_CFLAGS=''
FT2_CONFIG=''
FT2_LIBS=''
GL_LIBS=' -lGL'
GREP='/usr/bin/grep'
HAVE_CXX11='1'
HB_CFLAGS=''
HB_LIBS=''
INSTALL_DATA='${INSTALL} -m 644'
INSTALL_PROGRAM='${INSTALL}'
INSTALL_SCRIPT='${INSTALL}'
INSTALL_STRIP_PROGRAM='$(install_sh) -c -s'
LD='/usr/bin/ld -m elf_x86_64'
LDFLAGS=' -Wl,--no-undefined'
LIBOBJS=''
LIBS=' -lSDL2'
LIBTOOL='$(SHELL) $(top_builddir)/libtool'
LIPO=''
LN_S='ln -s'
LTLIBOBJS=''
LT_AGE='2000'
LT_CURRENT='2000'
LT_EXTRA=''
LT_RELEASE='2.0'
LT_REVISION='2'
MAJOR_VERSION='2'
MAKEINFO='${SHELL} '\''/info/etu/l2info/s2101106/Documents/projet/SDL2_ttf-2.20.2/missing'\'' makeinfo'
MATHLIB='-lm'
MICRO_VERSION='2'
MINOR_VERSION='20'
MKDIR_P='/usr/bin/mkdir -p'
NM='/usr/bin/nm -B'
NMEDIT=''
OBJDUMP='objdump'
OBJEXT='o'
OS_WIN32_FALSE=''
OS_WIN32_TRUE='#'
OTOOL64=''
OTOOL=''
PACKAGE='SDL2_ttf'
PACKAGE_BUGREPORT='https://github.com/libsdl-org/SDL_ttf/issues'
PACKAGE_NAME='SDL2_ttf'
PACKAGE_STRING='SDL2_ttf 2.20.2'
PACKAGE_TARNAME='SDL2_ttf'
PACKAGE_URL=''
PACKAGE_VERSION='2.20.2'
PATH_SEPARATOR=':'
PC_LIBS=''
PC_REQUIRES=''
PKG_CONFIG='/usr/bin/pkg-config'
PKG_CONFIG_LIBDIR=''
PKG_CONFIG_PATH=''
RANLIB='ranlib'
RC=':'
SDL2TTF_VENDORED='1'
SDL2_CONFIG='pkg-config sdl2'
SDL_CFLAGS='-D_REENTRANT -I/usr/include/SDL2'
SDL_LIBS='-lSDL2'
SDL_VERSION='2.0.10'
SED='/usr/bin/sed'
SET_MAKE=''
SHELL='/bin/bash'
STRIP='strip'
TTF_CFLAGS=''
TTF_LIBS=''
TTF_USE_HARFBUZZ='1'
USE_BUILTIN_FREETYPE_FALSE='#'
USE_BUILTIN_FREETYPE_TRUE=''
USE_BUILTIN_HARFBUZZ_FALSE='#'
USE_BUILTIN_HARFBUZZ_TRUE=''
USE_VERSION_RC_FALSE=''
USE_VERSION_RC_TRUE='#'
VERSION='2.20.2'
XMKMF=''
X_CFLAGS=''
X_EXTRA_LIBS=''
X_LIBS=''
X_PRE_LIBS=' -lSM -lICE'
ac_ct_CC='gcc'
ac_ct_CXX='g++'
ac_ct_DUMPBIN=''
am__EXEEXT_FALSE=''
am__EXEEXT_TRUE='#'
am__fastdepCC_FALSE='#'
am__fastdepCC_TRUE=''
am__fastdepCXX_FALSE='#'
am__fastdepCXX_TRUE=''
am__include='include'
am__isrc=''
am__leading_dot='.'
am__nodep='_no'
am__quote=''
am__tar='false'
am__untar='false'
bindir='${exec_prefix}/bin'
build='x86_64-pc-linux-gnu'
build_alias=''
build_cpu='x86_64'
build_os='linux-gnu'
build_vendor='pc'
cmake_prefix_relpath='../../..'
datadir='${datarootdir}'
datarootdir='${prefix}/share'
docdir='${datarootdir}/doc/${PACKAGE_TARNAME}'
dvidir='${docdir}'
exec_prefix='${prefix}'
host='x86_64-pc-linux-gnu'
host_alias=''
host_cpu='x86_64'
host_os='linux-gnu'
host_vendor='pc'
htmldir='${docdir}'
includedir='${prefix}/include'
infodir='${datarootdir}/info'
install_sh='${SHELL} /info/etu/l2info/s2101106/Documents/projet/SDL2_ttf-2.20.2/install-sh'
libdir='${exec_prefix}/lib'
libexecdir='${exec_prefix}/libexec'
localedir='${datarootdir}/locale'
localstatedir='${prefix}/var'
lt_ECHO='echo'
mandir='${datarootdir}/man'
mkdir_p='$(MKDIR_P)'
oldincludedir='/usr/include'
pdfdir='${docdir}'
prefix='/info/etu/l2info/s2101106/SDL2'
program_transform_name='s,x,x,'
psdir='${docdir}'
runstatedir='${localstatedir}/run'
sbindir='${exec_prefix}/sbin'
sharedstatedir='${prefix}/com'
sysconfdir='${prefix}/etc'
target_alias=''

## ----------- ##
## confdefs.h. ##
## ----------- ##

/* confdefs.h */
#define PACKAGE_NAME "SDL2_ttf"
#define PACKAGE_TARNAME "SDL2_ttf"
#define PACKAGE_VERSION "2.20.2"
#define PACKAGE_STRING "SDL2_ttf 2.20.2"
#define PACKAGE_BUGREPORT "https://github.com/libsdl-org/SDL_ttf/issues"
#define PACKAGE_URL ""
#define HAVE_STDIO_H 1
#define HAVE_STDLIB_H 1
#define HAVE_STRING_H 1
#define HAVE_INTTYPES_H 1
#define HAVE_STDINT_H 1
#define HAVE_STRINGS_H 1
#define HAVE_SYS_STAT_H 1
#define HAVE_SYS_TYPES_H 1
#define HAVE_UNISTD_H 1
#define STDC_HEADERS 1
#define HAVE_DLFCN_H 1
#define LT_OBJDIR ".libs/"
#define SDL_BUILD_MAJOR_VERSION 2
#define SDL_BUILD_MINOR_VERSION 20
#define SDL_BUILD_MICRO_VERSION 2
#define PACKAGE "SDL2_ttf"
#define VERSION "2.20.2"
#define TTF_USE_HARFBUZZ 1
#define HAVE_CXX11 1
#define ALIGNOF_STRUCT_CHAR__ 1

configure: exit 0
